[ 2018-04-25T16:08:40+08:00 ] 127.0.0.1 /
INFO: [ app_init ] --START--
INFO: Run Behavior\BuildLiteBehavior [ RunTime:0.000022s ]
INFO: [ app_init ] --END-- [ RunTime:0.015127s ]
INFO: [ app_begin ] --START--
INFO: Run Behavior\ReadHtmlCacheBehavior [ RunTime:0.009225s ]
INFO: [ app_begin ] --END-- [ RunTime:0.009335s ]
NOTIC: [8] A session had already been started - ignoring session_start() E:\xampp\htdocs\mythink\ThinkPHP\Common\functions.php 第 1263 行.
SQL: SHOW COLUMNS FROM `blog` [ RunTime:0.0930s ]
SQL: SHOW COLUMNS FROM `classify` [ RunTime:0.0476s ]
SQL: SELECT * FROM `blog` WHERE ( status=1 ) ORDER BY id desc LIMIT 0,5   [ RunTime:0.0702s ]
SQL: SELECT * FROM `classify` WHERE ( id = 10 ) LIMIT 1   [ RunTime:0.0005s ]
SQL: SELECT * FROM `classify` WHERE ( id = 6 ) LIMIT 1   [ RunTime:0.0003s ]
SQL: SELECT * FROM `classify` WHERE ( id = 5 ) LIMIT 1   [ RunTime:0.0003s ]
SQL: SELECT * FROM `classify` WHERE ( id = 5 ) LIMIT 1   [ RunTime:0.0003s ]
SQL: SELECT * FROM `classify` WHERE ( id = 5 ) LIMIT 1   [ RunTime:0.0004s ]
INFO: [ view_parse ] --START--
INFO: [ template_filter ] --START--
INFO: Run Behavior\ContentReplaceBehavior [ RunTime:0.012441s ]
INFO: [ template_filter ] --END-- [ RunTime:0.012600s ]
INFO: Run Behavior\ParseTemplateBehavior [ RunTime:0.126465s ]
INFO: [ view_parse ] --END-- [ RunTime:0.126563s ]
INFO: [ view_filter ] --START--
INFO: Run Behavior\WriteHtmlCacheBehavior [ RunTime:0.029609s ]
INFO: [ view_filter ] --END-- [ RunTime:0.029682s ]
INFO: [ app_end ] --START--
INFO: Run Behavior\ShowPageTraceBehavior [ RunTime:0.025833s ]
INFO: [ app_end ] --END-- [ RunTime:0.025924s ]

[ 2018-04-25T16:08:44+08:00 ] 127.0.0.1 /Home/Home/getBlogInfo/id/243
INFO: [ app_init ] --START--
INFO: Run Behavior\BuildLiteBehavior [ RunTime:0.000018s ]
INFO: [ app_init ] --END-- [ RunTime:0.000549s ]
INFO: [ app_begin ] --START--
INFO: Run Behavior\ReadHtmlCacheBehavior [ RunTime:0.000938s ]
INFO: [ app_begin ] --END-- [ RunTime:0.001007s ]
NOTIC: [8] A session had already been started - ignoring session_start() E:\xampp\htdocs\mythink\ThinkPHP\Common\functions.php 第 1263 行.
NOTIC: [2048] Declaration of Home\Model\BaseModel::add() should be compatible with Think\Model::add($data = '', $options = Array, $replace = false) E:\xampp\htdocs\mythink\Application\Home\Model\BaseModel.class.php 第 4 行.
SQL: SHOW COLUMNS FROM `blog` [ RunTime:0.0166s ]
SQL: SHOW COLUMNS FROM `classify` [ RunTime:0.0031s ]
SQL: SHOW COLUMNS FROM `comment` [ RunTime:0.0398s ]
SQL: SHOW COLUMNS FROM `user` [ RunTime:0.0621s ]
SQL: SELECT * FROM `blog` WHERE ( id= 243 ) LIMIT 1   [ RunTime:0.0005s ]
SQL: SELECT * FROM `blog` WHERE ( status=1 and classify_id = 5 ) ORDER BY id asc LIMIT 0,20   [ RunTime:0.0007s ]
SQL: SELECT * FROM `blog` WHERE ( status=1 and classify_id = 5 and id != 243 ) ORDER BY id asc LIMIT 0,10   [ RunTime:0.0146s ]
SQL: SHOW COLUMNS FROM `comment` [ RunTime:0.0048s ]
SQL: SELECT * FROM `comment` WHERE ( blog_id =243 )  [ RunTime:0.0004s ]
SQL: SELECT COUNT(*) AS tp_count FROM `comment` WHERE ( blog_id =243 ) LIMIT 1   [ RunTime:0.0225s ]
SQL: SHOW COLUMNS FROM `zan` [ RunTime:0.0040s ]
INFO: [ view_parse ] --START--
INFO: [ template_filter ] --START--
INFO: Run Behavior\ContentReplaceBehavior [ RunTime:0.009183s ]
INFO: [ template_filter ] --END-- [ RunTime:0.009266s ]
NOTIC: [8] Undefined index: me E:\xampp\htdocs\mythink\Application\Runtime\Cache\Home\2a54d1948cb8300e37c1d9425554c216.php 第 66 行.
NOTIC: [8] Undefined index: me E:\xampp\htdocs\mythink\Application\Runtime\Cache\Home\2a54d1948cb8300e37c1d9425554c216.php 第 85 行.
INFO: Run Behavior\ParseTemplateBehavior [ RunTime:0.043508s ]
INFO: [ view_parse ] --END-- [ RunTime:0.043577s ]
INFO: [ view_filter ] --START--
INFO: Run Behavior\WriteHtmlCacheBehavior [ RunTime:0.000645s ]
INFO: [ view_filter ] --END-- [ RunTime:0.000701s ]
INFO: [ app_end ] --START--
INFO: Run Behavior\ShowPageTraceBehavior [ RunTime:0.000852s ]
INFO: [ app_end ] --END-- [ RunTime:0.000905s ]

[ 2018-04-25T16:08:50+08:00 ] 127.0.0.1 /Home/Home/getBlogInfo/id/index.php?c=Home&a=getBlogInfo&id=198
INFO: [ app_init ] --START--
INFO: Run Behavior\BuildLiteBehavior [ RunTime:0.000019s ]
INFO: [ app_init ] --END-- [ RunTime:0.000713s ]
INFO: [ app_begin ] --START--
INFO: Run Behavior\ReadHtmlCacheBehavior [ RunTime:0.001320s ]
INFO: [ app_begin ] --END-- [ RunTime:0.001410s ]
NOTIC: [8] A session had already been started - ignoring session_start() E:\xampp\htdocs\mythink\ThinkPHP\Common\functions.php 第 1263 行.
NOTIC: [2048] Declaration of Home\Model\BaseModel::add() should be compatible with Think\Model::add($data = '', $options = Array, $replace = false) E:\xampp\htdocs\mythink\Application\Home\Model\BaseModel.class.php 第 4 行.
SQL: SHOW COLUMNS FROM `blog` [ RunTime:0.0039s ]
SQL: SHOW COLUMNS FROM `classify` [ RunTime:0.0048s ]
SQL: SHOW COLUMNS FROM `comment` [ RunTime:0.0046s ]
SQL: SHOW COLUMNS FROM `user` [ RunTime:0.0043s ]
SQL: SELECT * FROM `blog` WHERE ( id= 198 ) LIMIT 1   [ RunTime:0.0005s ]
SQL: SELECT * FROM `blog` WHERE ( status=1 and classify_id = 5 ) ORDER BY id asc LIMIT 0,20   [ RunTime:0.0009s ]
SQL: SELECT * FROM `blog` WHERE ( status=1 and classify_id = 5 and id != 198 ) ORDER BY id asc LIMIT 0,10   [ RunTime:0.0010s ]
SQL: SHOW COLUMNS FROM `comment` [ RunTime:0.0284s ]
SQL: SELECT * FROM `comment` WHERE ( blog_id =198 )  [ RunTime:0.0004s ]
SQL: SELECT COUNT(*) AS tp_count FROM `comment` WHERE ( blog_id =198 ) LIMIT 1   [ RunTime:0.0004s ]
SQL: SHOW COLUMNS FROM `zan` [ RunTime:0.0032s ]
INFO: [ view_parse ] --START--
INFO: [ template_filter ] --START--
INFO: Run Behavior\ContentReplaceBehavior [ RunTime:0.000089s ]
INFO: [ template_filter ] --END-- [ RunTime:0.000163s ]
NOTIC: [8] Undefined index: me E:\xampp\htdocs\mythink\Application\Runtime\Cache\Home\2a54d1948cb8300e37c1d9425554c216.php 第 66 行.
NOTIC: [8] Undefined index: me E:\xampp\htdocs\mythink\Application\Runtime\Cache\Home\2a54d1948cb8300e37c1d9425554c216.php 第 85 行.
INFO: Run Behavior\ParseTemplateBehavior [ RunTime:0.011897s ]
INFO: [ view_parse ] --END-- [ RunTime:0.011991s ]
INFO: [ view_filter ] --START--
INFO: Run Behavior\WriteHtmlCacheBehavior [ RunTime:0.000986s ]
INFO: [ view_filter ] --END-- [ RunTime:0.001076s ]
INFO: [ app_end ] --START--
INFO: Run Behavior\ShowPageTraceBehavior [ RunTime:0.001178s ]
INFO: [ app_end ] --END-- [ RunTime:0.001258s ]

[ 2018-04-25T16:09:03+08:00 ] 127.0.0.1 /Home/UserCenter/login
INFO: [ app_init ] --START--
INFO: Run Behavior\BuildLiteBehavior [ RunTime:0.000018s ]
INFO: [ app_init ] --END-- [ RunTime:0.000543s ]
INFO: [ app_begin ] --START--
INFO: Run Behavior\ReadHtmlCacheBehavior [ RunTime:0.000745s ]
INFO: [ app_begin ] --END-- [ RunTime:0.000809s ]
NOTIC: [8] A session had already been started - ignoring session_start() E:\xampp\htdocs\mythink\ThinkPHP\Common\functions.php 第 1263 行.
INFO: [ app_end ] --START--
INFO: Run Behavior\ShowPageTraceBehavior [ RunTime:0.001013s ]
INFO: [ app_end ] --END-- [ RunTime:0.001118s ]

[ 2018-04-25T16:09:04+08:00 ] 127.0.0.1 /Home/UserCenter/verifyCode
INFO: [ app_init ] --START--
INFO: Run Behavior\BuildLiteBehavior [ RunTime:0.000025s ]
INFO: [ app_init ] --END-- [ RunTime:0.000843s ]
INFO: [ app_begin ] --START--
INFO: Run Behavior\ReadHtmlCacheBehavior [ RunTime:0.001317s ]
INFO: [ app_begin ] --END-- [ RunTime:0.001447s ]
NOTIC: [8] A session had already been started - ignoring session_start() E:\xampp\htdocs\mythink\ThinkPHP\Common\functions.php 第 1263 行.
INFO: [ app_end ] --START--
INFO: Run Behavior\ShowPageTraceBehavior [ RunTime:0.001014s ]
INFO: [ app_end ] --END-- [ RunTime:0.001106s ]

[ 2018-04-25T16:09:14+08:00 ] 127.0.0.1 /Home/Home/study
INFO: [ app_init ] --START--
INFO: Run Behavior\BuildLiteBehavior [ RunTime:0.000026s ]
INFO: [ app_init ] --END-- [ RunTime:0.000579s ]
INFO: [ app_begin ] --START--
INFO: Run Behavior\ReadHtmlCacheBehavior [ RunTime:0.000752s ]
INFO: [ app_begin ] --END-- [ RunTime:0.000820s ]
NOTIC: [8] A session had already been started - ignoring session_start() E:\xampp\htdocs\mythink\ThinkPHP\Common\functions.php 第 1263 行.
NOTIC: [2048] Declaration of Home\Model\BaseModel::add() should be compatible with Think\Model::add($data = '', $options = Array, $replace = false) E:\xampp\htdocs\mythink\Application\Home\Model\BaseModel.class.php 第 4 行.
SQL: SHOW COLUMNS FROM `classify` [ RunTime:0.0032s ]
SQL: SHOW COLUMNS FROM `blog` [ RunTime:0.0031s ]
SQL: SHOW COLUMNS FROM `classify` [ RunTime:0.0029s ]
SQL: SELECT * FROM `classify` WHERE ( parent_id= 2 )  [ RunTime:0.0004s ]
SQL: SELECT * FROM `blog` WHERE ( status=1 and 1 and classify_id in (3,4,9,10) and status = 1 ) ORDER BY id desc LIMIT 0,20   [ RunTime:0.0008s ]
SQL: SELECT * FROM `classify` WHERE ( id= 10 )  [ RunTime:0.0003s ]
SQL: SELECT * FROM `classify` WHERE ( id= 3 )  [ RunTime:0.0004s ]
SQL: SELECT * FROM `classify` WHERE ( id= 4 )  [ RunTime:0.0004s ]
SQL: SELECT * FROM `classify` WHERE ( id= 4 )  [ RunTime:0.0004s ]
SQL: SELECT * FROM `classify` WHERE ( id= 4 )  [ RunTime:0.0003s ]
SQL: SELECT * FROM `classify` WHERE ( id= 4 )  [ RunTime:0.0003s ]
SQL: SELECT * FROM `classify` WHERE ( id= 4 )  [ RunTime:0.0003s ]
SQL: SELECT * FROM `classify` WHERE ( id= 4 )  [ RunTime:0.0003s ]
SQL: SELECT * FROM `classify` WHERE ( id= 4 )  [ RunTime:0.0003s ]
SQL: SELECT * FROM `classify` WHERE ( id= 3 )  [ RunTime:0.0003s ]
SQL: SELECT * FROM `classify` WHERE ( id= 4 )  [ RunTime:0.0003s ]
SQL: SELECT * FROM `classify` WHERE ( id= 4 )  [ RunTime:0.0003s ]
INFO: [ view_parse ] --START--
INFO: [ template_filter ] --START--
INFO: Run Behavior\ContentReplaceBehavior [ RunTime:0.000106s ]
INFO: [ template_filter ] --END-- [ RunTime:0.000214s ]
INFO: Run Behavior\ParseTemplateBehavior [ RunTime:0.040749s ]
INFO: [ view_parse ] --END-- [ RunTime:0.040823s ]
INFO: [ view_filter ] --START--
INFO: Run Behavior\WriteHtmlCacheBehavior [ RunTime:0.000507s ]
INFO: [ view_filter ] --END-- [ RunTime:0.000564s ]
INFO: [ app_end ] --START--
INFO: Run Behavior\ShowPageTraceBehavior [ RunTime:0.001142s ]
INFO: [ app_end ] --END-- [ RunTime:0.001247s ]

[ 2018-04-25T16:09:18+08:00 ] 127.0.0.1 /Home/Home/study/classify_id/4
INFO: [ app_init ] --START--
INFO: Run Behavior\BuildLiteBehavior [ RunTime:0.000028s ]
INFO: [ app_init ] --END-- [ RunTime:0.001111s ]
INFO: [ app_begin ] --START--
INFO: Run Behavior\ReadHtmlCacheBehavior [ RunTime:0.001160s ]
INFO: [ app_begin ] --END-- [ RunTime:0.001274s ]
NOTIC: [8] A session had already been started - ignoring session_start() E:\xampp\htdocs\mythink\ThinkPHP\Common\functions.php 第 1263 行.
NOTIC: [2048] Declaration of Home\Model\BaseModel::add() should be compatible with Think\Model::add($data = '', $options = Array, $replace = false) E:\xampp\htdocs\mythink\Application\Home\Model\BaseModel.class.php 第 4 行.
SQL: SHOW COLUMNS FROM `classify` [ RunTime:0.0033s ]
SQL: SHOW COLUMNS FROM `blog` [ RunTime:0.0042s ]
SQL: SHOW COLUMNS FROM `classify` [ RunTime:0.0033s ]
SQL: SELECT * FROM `classify` WHERE ( parent_id= 2 )  [ RunTime:0.0004s ]
SQL: SELECT * FROM `blog` WHERE ( status=1 and 1 and classify_id in (4) and status = 1 ) ORDER BY id desc LIMIT 0,20   [ RunTime:0.0007s ]
SQL: SELECT * FROM `classify` WHERE ( id= 4 )  [ RunTime:0.0003s ]
SQL: SELECT * FROM `classify` WHERE ( id= 4 )  [ RunTime:0.0003s ]
SQL: SELECT * FROM `classify` WHERE ( id= 4 )  [ RunTime:0.0003s ]
SQL: SELECT * FROM `classify` WHERE ( id= 4 )  [ RunTime:0.0003s ]
SQL: SELECT * FROM `classify` WHERE ( id= 4 )  [ RunTime:0.0004s ]
SQL: SELECT * FROM `classify` WHERE ( id= 4 )  [ RunTime:0.0004s ]
SQL: SELECT * FROM `classify` WHERE ( id= 4 )  [ RunTime:0.0005s ]
SQL: SELECT * FROM `classify` WHERE ( id= 4 )  [ RunTime:0.0003s ]
SQL: SELECT * FROM `classify` WHERE ( id= 4 )  [ RunTime:0.0003s ]
INFO: [ view_parse ] --START--
INFO: [ template_filter ] --START--
INFO: Run Behavior\ContentReplaceBehavior [ RunTime:0.000065s ]
INFO: [ template_filter ] --END-- [ RunTime:0.000132s ]
INFO: Run Behavior\ParseTemplateBehavior [ RunTime:0.010203s ]
INFO: [ view_parse ] --END-- [ RunTime:0.010283s ]
INFO: [ view_filter ] --START--
INFO: Run Behavior\WriteHtmlCacheBehavior [ RunTime:0.000582s ]
INFO: [ view_filter ] --END-- [ RunTime:0.000635s ]
INFO: [ app_end ] --START--
INFO: Run Behavior\ShowPageTraceBehavior [ RunTime:0.001469s ]
INFO: [ app_end ] --END-- [ RunTime:0.001680s ]

[ 2018-04-25T16:09:21+08:00 ] 127.0.0.1 /Home/Home/study/classify_id/9
INFO: [ app_init ] --START--
INFO: Run Behavior\BuildLiteBehavior [ RunTime:0.000018s ]
INFO: [ app_init ] --END-- [ RunTime:0.000593s ]
INFO: [ app_begin ] --START--
INFO: Run Behavior\ReadHtmlCacheBehavior [ RunTime:0.000808s ]
INFO: [ app_begin ] --END-- [ RunTime:0.000877s ]
NOTIC: [8] A session had already been started - ignoring session_start() E:\xampp\htdocs\mythink\ThinkPHP\Common\functions.php 第 1263 行.
NOTIC: [2048] Declaration of Home\Model\BaseModel::add() should be compatible with Think\Model::add($data = '', $options = Array, $replace = false) E:\xampp\htdocs\mythink\Application\Home\Model\BaseModel.class.php 第 4 行.
SQL: SHOW COLUMNS FROM `classify` [ RunTime:0.0041s ]
SQL: SHOW COLUMNS FROM `blog` [ RunTime:0.0031s ]
SQL: SHOW COLUMNS FROM `classify` [ RunTime:0.0028s ]
SQL: SELECT * FROM `classify` WHERE ( parent_id= 2 )  [ RunTime:0.0004s ]
SQL: SELECT * FROM `blog` WHERE ( status=1 and 1 and classify_id in (9) and status = 1 ) ORDER BY id desc LIMIT 0,20   [ RunTime:0.0006s ]
INFO: [ view_parse ] --START--
INFO: [ template_filter ] --START--
INFO: Run Behavior\ContentReplaceBehavior [ RunTime:0.000071s ]
INFO: [ template_filter ] --END-- [ RunTime:0.000147s ]
INFO: Run Behavior\ParseTemplateBehavior [ RunTime:0.009041s ]
INFO: [ view_parse ] --END-- [ RunTime:0.009111s ]
INFO: [ view_filter ] --START--
INFO: Run Behavior\WriteHtmlCacheBehavior [ RunTime:0.000498s ]
INFO: [ view_filter ] --END-- [ RunTime:0.000549s ]
INFO: [ app_end ] --START--
INFO: Run Behavior\ShowPageTraceBehavior [ RunTime:0.000950s ]
INFO: [ app_end ] --END-- [ RunTime:0.001032s ]

[ 2018-04-25T16:09:22+08:00 ] 127.0.0.1 /Home/Home/study/classify_id/10
INFO: [ app_init ] --START--
INFO: Run Behavior\BuildLiteBehavior [ RunTime:0.000043s ]
INFO: [ app_init ] --END-- [ RunTime:0.001052s ]
INFO: [ app_begin ] --START--
INFO: Run Behavior\ReadHtmlCacheBehavior [ RunTime:0.001200s ]
INFO: [ app_begin ] --END-- [ RunTime:0.001309s ]
NOTIC: [8] A session had already been started - ignoring session_start() E:\xampp\htdocs\mythink\ThinkPHP\Common\functions.php 第 1263 行.
NOTIC: [2048] Declaration of Home\Model\BaseModel::add() should be compatible with Think\Model::add($data = '', $options = Array, $replace = false) E:\xampp\htdocs\mythink\Application\Home\Model\BaseModel.class.php 第 4 行.
SQL: SHOW COLUMNS FROM `classify` [ RunTime:0.0058s ]
SQL: SHOW COLUMNS FROM `blog` [ RunTime:0.0050s ]
SQL: SHOW COLUMNS FROM `classify` [ RunTime:0.0058s ]
SQL: SELECT * FROM `classify` WHERE ( parent_id= 2 )  [ RunTime:0.0006s ]
SQL: SELECT * FROM `blog` WHERE ( status=1 and 1 and classify_id in (10) and status = 1 ) ORDER BY id desc LIMIT 0,20   [ RunTime:0.0011s ]
SQL: SELECT * FROM `classify` WHERE ( id= 10 )  [ RunTime:0.0006s ]
INFO: [ view_parse ] --START--
INFO: [ template_filter ] --START--
INFO: Run Behavior\ContentReplaceBehavior [ RunTime:0.000107s ]
INFO: [ template_filter ] --END-- [ RunTime:0.000250s ]
INFO: Run Behavior\ParseTemplateBehavior [ RunTime:0.013017s ]
INFO: [ view_parse ] --END-- [ RunTime:0.013239s ]
INFO: [ view_filter ] --START--
INFO: Run Behavior\WriteHtmlCacheBehavior [ RunTime:0.000745s ]
INFO: [ view_filter ] --END-- [ RunTime:0.000829s ]
INFO: [ app_end ] --START--
INFO: Run Behavior\ShowPageTraceBehavior [ RunTime:0.001263s ]
INFO: [ app_end ] --END-- [ RunTime:0.001358s ]

[ 2018-04-25T16:09:24+08:00 ] 127.0.0.1 /Home/Home/study/classify_id/3
INFO: [ app_init ] --START--
INFO: Run Behavior\BuildLiteBehavior [ RunTime:0.000018s ]
INFO: [ app_init ] --END-- [ RunTime:0.000539s ]
INFO: [ app_begin ] --START--
INFO: Run Behavior\ReadHtmlCacheBehavior [ RunTime:0.000742s ]
INFO: [ app_begin ] --END-- [ RunTime:0.000808s ]
NOTIC: [8] A session had already been started - ignoring session_start() E:\xampp\htdocs\mythink\ThinkPHP\Common\functions.php 第 1263 行.
NOTIC: [2048] Declaration of Home\Model\BaseModel::add() should be compatible with Think\Model::add($data = '', $options = Array, $replace = false) E:\xampp\htdocs\mythink\Application\Home\Model\BaseModel.class.php 第 4 行.
SQL: SHOW COLUMNS FROM `classify` [ RunTime:0.0058s ]
SQL: SHOW COLUMNS FROM `blog` [ RunTime:0.0038s ]
SQL: SHOW COLUMNS FROM `classify` [ RunTime:0.0030s ]
SQL: SELECT * FROM `classify` WHERE ( parent_id= 2 )  [ RunTime:0.0005s ]
SQL: SELECT * FROM `blog` WHERE ( status=1 and 1 and classify_id in (3) and status = 1 ) ORDER BY id desc LIMIT 0,20   [ RunTime:0.0007s ]
SQL: SELECT * FROM `classify` WHERE ( id= 3 )  [ RunTime:0.0003s ]
SQL: SELECT * FROM `classify` WHERE ( id= 3 )  [ RunTime:0.0004s ]
INFO: [ view_parse ] --START--
INFO: [ template_filter ] --START--
INFO: Run Behavior\ContentReplaceBehavior [ RunTime:0.000068s ]
INFO: [ template_filter ] --END-- [ RunTime:0.000141s ]
INFO: Run Behavior\ParseTemplateBehavior [ RunTime:0.010346s ]
INFO: [ view_parse ] --END-- [ RunTime:0.010428s ]
INFO: [ view_filter ] --START--
INFO: Run Behavior\WriteHtmlCacheBehavior [ RunTime:0.000524s ]
INFO: [ view_filter ] --END-- [ RunTime:0.000575s ]
INFO: [ app_end ] --START--
INFO: Run Behavior\ShowPageTraceBehavior [ RunTime:0.000742s ]
INFO: [ app_end ] --END-- [ RunTime:0.000796s ]

[ 2018-04-25T16:18:45+08:00 ] 127.0.0.1 /
INFO: [ app_init ] --START--
INFO: Run Behavior\BuildLiteBehavior [ RunTime:0.000017s ]
INFO: [ app_init ] --END-- [ RunTime:0.000606s ]
INFO: [ app_begin ] --START--
INFO: Run Behavior\ReadHtmlCacheBehavior [ RunTime:0.000864s ]
INFO: [ app_begin ] --END-- [ RunTime:0.000930s ]
NOTIC: [8] A session had already been started - ignoring session_start() E:\xampp\htdocs\mythink\ThinkPHP\Common\functions.php 第 1263 行.
SQL: SHOW COLUMNS FROM `blog` [ RunTime:0.0233s ]
SQL: SHOW COLUMNS FROM `classify` [ RunTime:0.0046s ]
SQL: SELECT * FROM `blog` WHERE ( status=1 ) ORDER BY id desc LIMIT 0,5   [ RunTime:0.0005s ]
INFO: [ view_parse ] --START--
INFO: [ template_filter ] --START--
INFO: Run Behavior\ContentReplaceBehavior [ RunTime:0.000066s ]
INFO: [ template_filter ] --END-- [ RunTime:0.000137s ]
INFO: Run Behavior\ParseTemplateBehavior [ RunTime:0.008607s ]
INFO: [ view_parse ] --END-- [ RunTime:0.008686s ]
INFO: [ view_filter ] --START--
INFO: Run Behavior\WriteHtmlCacheBehavior [ RunTime:0.000577s ]
INFO: [ view_filter ] --END-- [ RunTime:0.000629s ]
INFO: [ app_end ] --START--
INFO: Run Behavior\ShowPageTraceBehavior [ RunTime:0.001228s ]
INFO: [ app_end ] --END-- [ RunTime:0.001313s ]

[ 2018-04-25T16:18:50+08:00 ] 127.0.0.1 /index.php
INFO: [ app_init ] --START--
INFO: Run Behavior\BuildLiteBehavior [ RunTime:0.000019s ]
INFO: [ app_init ] --END-- [ RunTime:0.000723s ]
INFO: [ app_begin ] --START--
INFO: Run Behavior\ReadHtmlCacheBehavior [ RunTime:0.000749s ]
INFO: [ app_begin ] --END-- [ RunTime:0.000814s ]
NOTIC: [8] A session had already been started - ignoring session_start() E:\xampp\htdocs\mythink\ThinkPHP\Common\functions.php 第 1263 行.
SQL: SHOW COLUMNS FROM `blog` [ RunTime:0.0042s ]
SQL: SHOW COLUMNS FROM `classify` [ RunTime:0.0029s ]
SQL: SELECT * FROM `blog` WHERE ( status=1 ) ORDER BY id desc LIMIT 0,5   [ RunTime:0.0004s ]
INFO: [ view_parse ] --START--
INFO: [ template_filter ] --START--
INFO: Run Behavior\ContentReplaceBehavior [ RunTime:0.000100s ]
INFO: [ template_filter ] --END-- [ RunTime:0.000207s ]
INFO: Run Behavior\ParseTemplateBehavior [ RunTime:0.009215s ]
INFO: [ view_parse ] --END-- [ RunTime:0.009338s ]
INFO: [ view_filter ] --START--
INFO: Run Behavior\WriteHtmlCacheBehavior [ RunTime:0.000777s ]
INFO: [ view_filter ] --END-- [ RunTime:0.000847s ]
INFO: [ app_end ] --START--
INFO: Run Behavior\ShowPageTraceBehavior [ RunTime:0.000885s ]
INFO: [ app_end ] --END-- [ RunTime:0.000948s ]

[ 2018-04-25T17:09:50+08:00 ] 127.0.0.1 /
INFO: [ app_init ] --START--
INFO: Run Behavior\BuildLiteBehavior [ RunTime:0.000021s ]
INFO: [ app_init ] --END-- [ RunTime:0.005189s ]
INFO: [ app_begin ] --START--
INFO: Run Behavior\ReadHtmlCacheBehavior [ RunTime:0.009711s ]
INFO: [ app_begin ] --END-- [ RunTime:0.009816s ]
NOTIC: [8] A session had already been started - ignoring session_start() E:\xampp\htdocs\mythink\ThinkPHP\Common\functions.php 第 1263 行.
SQL: SHOW COLUMNS FROM `blog` [ RunTime:0.6021s ]
SQL: SHOW COLUMNS FROM `classify` [ RunTime:0.0030s ]
SQL: SELECT * FROM `blog` WHERE ( status=1 ) ORDER BY id desc LIMIT 0,5   [ RunTime:0.0716s ]
INFO: [ view_parse ] --START--
INFO: [ template_filter ] --START--
INFO: Run Behavior\ContentReplaceBehavior [ RunTime:0.000067s ]
INFO: [ template_filter ] --END-- [ RunTime:0.000144s ]
INFO: Run Behavior\ParseTemplateBehavior [ RunTime:0.064488s ]
INFO: [ view_parse ] --END-- [ RunTime:0.064599s ]
INFO: [ view_filter ] --START--
INFO: Run Behavior\WriteHtmlCacheBehavior [ RunTime:0.013579s ]
INFO: [ view_filter ] --END-- [ RunTime:0.013669s ]
INFO: [ app_end ] --START--
INFO: Run Behavior\ShowPageTraceBehavior [ RunTime:0.025645s ]
INFO: [ app_end ] --END-- [ RunTime:0.025720s ]

[ 2018-04-25T17:10:26+08:00 ] 127.0.0.1 /
INFO: [ app_init ] --START--
INFO: Run Behavior\BuildLiteBehavior [ RunTime:0.000018s ]
INFO: [ app_init ] --END-- [ RunTime:0.000569s ]
INFO: [ app_begin ] --START--
INFO: Run Behavior\ReadHtmlCacheBehavior [ RunTime:0.000715s ]
INFO: [ app_begin ] --END-- [ RunTime:0.000778s ]
NOTIC: [8] A session had already been started - ignoring session_start() E:\xampp\htdocs\mythink\ThinkPHP\Common\functions.php 第 1263 行.
SQL: SHOW COLUMNS FROM `blog` [ RunTime:0.0031s ]
SQL: SHOW COLUMNS FROM `classify` [ RunTime:0.0029s ]
SQL: SELECT * FROM `blog` WHERE ( status=1 ) ORDER BY id desc LIMIT 0,5   [ RunTime:0.0006s ]
SQL: SELECT * FROM `classify` WHERE ( id = 5 ) LIMIT 1   [ RunTime:0.0005s ]
INFO: [ view_parse ] --START--
INFO: [ template_filter ] --START--
INFO: Run Behavior\ContentReplaceBehavior [ RunTime:0.000065s ]
INFO: [ template_filter ] --END-- [ RunTime:0.000133s ]
INFO: Run Behavior\ParseTemplateBehavior [ RunTime:0.008829s ]
INFO: [ view_parse ] --END-- [ RunTime:0.008930s ]
INFO: [ view_filter ] --START--
INFO: Run Behavior\WriteHtmlCacheBehavior [ RunTime:0.000482s ]
INFO: [ view_filter ] --END-- [ RunTime:0.000535s ]
INFO: [ app_end ] --START--
INFO: Run Behavior\ShowPageTraceBehavior [ RunTime:0.000887s ]
INFO: [ app_end ] --END-- [ RunTime:0.000941s ]

[ 2018-04-25T17:10:29+08:00 ] 127.0.0.1 /Home/Home/getBlogInfo/id/392
INFO: [ app_init ] --START--
INFO: Run Behavior\BuildLiteBehavior [ RunTime:0.000024s ]
INFO: [ app_init ] --END-- [ RunTime:0.000749s ]
INFO: [ app_begin ] --START--
INFO: Run Behavior\ReadHtmlCacheBehavior [ RunTime:0.001218s ]
INFO: [ app_begin ] --END-- [ RunTime:0.001374s ]
NOTIC: [8] A session had already been started - ignoring session_start() E:\xampp\htdocs\mythink\ThinkPHP\Common\functions.php 第 1263 行.
NOTIC: [2048] Declaration of Home\Model\BaseModel::add() should be compatible with Think\Model::add($data = '', $options = Array, $replace = false) E:\xampp\htdocs\mythink\Application\Home\Model\BaseModel.class.php 第 4 行.
SQL: SHOW COLUMNS FROM `blog` [ RunTime:0.0038s ]
SQL: SHOW COLUMNS FROM `classify` [ RunTime:0.0040s ]
SQL: SHOW COLUMNS FROM `comment` [ RunTime:0.0042s ]
SQL: SHOW COLUMNS FROM `user` [ RunTime:0.0036s ]
SQL: SELECT * FROM `blog` WHERE ( id= 392 ) LIMIT 1   [ RunTime:0.0007s ]
SQL: SELECT * FROM `blog` WHERE ( status=1 and classify_id = 5 ) ORDER BY id asc LIMIT 0,20   [ RunTime:0.0180s ]
SQL: SELECT * FROM `blog` WHERE ( status=1 and classify_id = 5 and id != 392 ) ORDER BY id asc LIMIT 0,10   [ RunTime:0.0005s ]
SQL: SHOW COLUMNS FROM `comment` [ RunTime:0.0035s ]
SQL: SELECT * FROM `comment` WHERE ( blog_id =392 )  [ RunTime:0.0006s ]
SQL: SELECT COUNT(*) AS tp_count FROM `comment` WHERE ( blog_id =392 ) LIMIT 1   [ RunTime:0.0004s ]
SQL: SHOW COLUMNS FROM `zan` [ RunTime:0.0039s ]
INFO: [ view_parse ] --START--
INFO: [ template_filter ] --START--
INFO: Run Behavior\ContentReplaceBehavior [ RunTime:0.000080s ]
INFO: [ template_filter ] --END-- [ RunTime:0.000154s ]
NOTIC: [8] Undefined index: me E:\xampp\htdocs\mythink\Application\Runtime\Cache\Home\2a54d1948cb8300e37c1d9425554c216.php 第 66 行.
NOTIC: [8] Undefined index: me E:\xampp\htdocs\mythink\Application\Runtime\Cache\Home\2a54d1948cb8300e37c1d9425554c216.php 第 85 行.
INFO: Run Behavior\ParseTemplateBehavior [ RunTime:0.021987s ]
INFO: [ view_parse ] --END-- [ RunTime:0.022064s ]
INFO: [ view_filter ] --START--
INFO: Run Behavior\WriteHtmlCacheBehavior [ RunTime:0.000513s ]
INFO: [ view_filter ] --END-- [ RunTime:0.000562s ]
INFO: [ app_end ] --START--
INFO: Run Behavior\ShowPageTraceBehavior [ RunTime:0.001235s ]
INFO: [ app_end ] --END-- [ RunTime:0.001310s ]

[ 2018-04-25T17:10:31+08:00 ] 127.0.0.1 /Home/UserCenter/login
INFO: [ app_init ] --START--
INFO: Run Behavior\BuildLiteBehavior [ RunTime:0.000018s ]
INFO: [ app_init ] --END-- [ RunTime:0.000537s ]
INFO: [ app_begin ] --START--
INFO: Run Behavior\ReadHtmlCacheBehavior [ RunTime:0.000835s ]
INFO: [ app_begin ] --END-- [ RunTime:0.000908s ]
NOTIC: [8] A session had already been started - ignoring session_start() E:\xampp\htdocs\mythink\ThinkPHP\Common\functions.php 第 1263 行.
INFO: [ app_end ] --START--
INFO: Run Behavior\ShowPageTraceBehavior [ RunTime:0.001448s ]
INFO: [ app_end ] --END-- [ RunTime:0.001572s ]

[ 2018-04-25T17:10:31+08:00 ] 127.0.0.1 /Home/UserCenter/verifyCode
INFO: [ app_init ] --START--
INFO: Run Behavior\BuildLiteBehavior [ RunTime:0.000026s ]
INFO: [ app_init ] --END-- [ RunTime:0.000749s ]
INFO: [ app_begin ] --START--
INFO: Run Behavior\ReadHtmlCacheBehavior [ RunTime:0.001125s ]
INFO: [ app_begin ] --END-- [ RunTime:0.001233s ]
NOTIC: [8] A session had already been started - ignoring session_start() E:\xampp\htdocs\mythink\ThinkPHP\Common\functions.php 第 1263 行.
INFO: [ app_end ] --START--
INFO: Run Behavior\ShowPageTraceBehavior [ RunTime:0.001401s ]
INFO: [ app_end ] --END-- [ RunTime:0.001493s ]

[ 2018-04-25T17:10:48+08:00 ] 127.0.0.1 /Home/UserCenter/doLogin
INFO: [ app_init ] --START--
INFO: Run Behavior\BuildLiteBehavior [ RunTime:0.000017s ]
INFO: [ app_init ] --END-- [ RunTime:0.000526s ]
INFO: [ app_begin ] --START--
INFO: Run Behavior\ReadHtmlCacheBehavior [ RunTime:0.000712s ]
INFO: [ app_begin ] --END-- [ RunTime:0.000782s ]
NOTIC: [8] A session had already been started - ignoring session_start() E:\xampp\htdocs\mythink\ThinkPHP\Common\functions.php 第 1263 行.
NOTIC: [2048] Declaration of Home\Model\BaseModel::add() should be compatible with Think\Model::add($data = '', $options = Array, $replace = false) E:\xampp\htdocs\mythink\Application\Home\Model\BaseModel.class.php 第 4 行.
SQL: SHOW COLUMNS FROM `user` [ RunTime:0.0032s ]
SQL: SHOW COLUMNS FROM `user` [ RunTime:0.0030s ]
SQL: SELECT * FROM `user` WHERE ( email = '1@qq.com' )  [ RunTime:0.0009s ]
INFO: [ view_parse ] --START--
INFO: [ template_filter ] --START--
INFO: Run Behavior\ContentReplaceBehavior [ RunTime:0.000053s ]
INFO: [ template_filter ] --END-- [ RunTime:0.000116s ]
INFO: Run Behavior\ParseTemplateBehavior [ RunTime:0.007650s ]
INFO: [ view_parse ] --END-- [ RunTime:0.007735s ]
INFO: [ view_filter ] --START--
INFO: Run Behavior\WriteHtmlCacheBehavior [ RunTime:0.000514s ]
INFO: [ view_filter ] --END-- [ RunTime:0.000567s ]
INFO: [ app_end ] --START--
INFO: Run Behavior\ShowPageTraceBehavior [ RunTime:0.000942s ]
INFO: [ app_end ] --END-- [ RunTime:0.001000s ]

[ 2018-04-25T17:10:51+08:00 ] 127.0.0.1 /Home/Index/index
INFO: [ app_init ] --START--
INFO: Run Behavior\BuildLiteBehavior [ RunTime:0.000018s ]
INFO: [ app_init ] --END-- [ RunTime:0.000638s ]
INFO: [ app_begin ] --START--
INFO: Run Behavior\ReadHtmlCacheBehavior [ RunTime:0.000742s ]
INFO: [ app_begin ] --END-- [ RunTime:0.000807s ]
NOTIC: [8] A session had already been started - ignoring session_start() E:\xampp\htdocs\mythink\ThinkPHP\Common\functions.php 第 1263 行.
SQL: SHOW COLUMNS FROM `blog` [ RunTime:0.0032s ]
SQL: SHOW COLUMNS FROM `classify` [ RunTime:0.0029s ]
SQL: SELECT * FROM `blog` WHERE ( status=1 ) ORDER BY id desc LIMIT 0,5   [ RunTime:0.0007s ]
SQL: SELECT * FROM `classify` WHERE ( id = 5 ) LIMIT 1   [ RunTime:0.0005s ]
INFO: [ view_parse ] --START--
INFO: [ template_filter ] --START--
INFO: Run Behavior\ContentReplaceBehavior [ RunTime:0.000071s ]
INFO: [ template_filter ] --END-- [ RunTime:0.000149s ]
INFO: Run Behavior\ParseTemplateBehavior [ RunTime:0.010286s ]
INFO: [ view_parse ] --END-- [ RunTime:0.010384s ]
INFO: [ view_filter ] --START--
INFO: Run Behavior\WriteHtmlCacheBehavior [ RunTime:0.000529s ]
INFO: [ view_filter ] --END-- [ RunTime:0.000581s ]
INFO: [ app_end ] --START--
INFO: Run Behavior\ShowPageTraceBehavior [ RunTime:0.000865s ]
INFO: [ app_end ] --END-- [ RunTime:0.000919s ]

[ 2018-04-25T17:10:53+08:00 ] 127.0.0.1 /Home/Home/getBlogInfo/id/392
INFO: [ app_init ] --START--
INFO: Run Behavior\BuildLiteBehavior [ RunTime:0.000027s ]
INFO: [ app_init ] --END-- [ RunTime:0.000871s ]
INFO: [ app_begin ] --START--
INFO: Run Behavior\ReadHtmlCacheBehavior [ RunTime:0.001111s ]
INFO: [ app_begin ] --END-- [ RunTime:0.001220s ]
NOTIC: [8] A session had already been started - ignoring session_start() E:\xampp\htdocs\mythink\ThinkPHP\Common\functions.php 第 1263 行.
NOTIC: [2048] Declaration of Home\Model\BaseModel::add() should be compatible with Think\Model::add($data = '', $options = Array, $replace = false) E:\xampp\htdocs\mythink\Application\Home\Model\BaseModel.class.php 第 4 行.
SQL: SHOW COLUMNS FROM `blog` [ RunTime:0.0046s ]
SQL: SHOW COLUMNS FROM `classify` [ RunTime:0.0039s ]
SQL: SHOW COLUMNS FROM `comment` [ RunTime:0.0040s ]
SQL: SHOW COLUMNS FROM `user` [ RunTime:0.0043s ]
SQL: SELECT * FROM `blog` WHERE ( id= 392 ) LIMIT 1   [ RunTime:0.0006s ]
SQL: SELECT * FROM `blog` WHERE ( status=1 and classify_id = 5 ) ORDER BY id asc LIMIT 0,20   [ RunTime:0.0005s ]
SQL: SELECT * FROM `blog` WHERE ( status=1 and classify_id = 5 and id != 392 ) ORDER BY id asc LIMIT 0,10   [ RunTime:0.0005s ]
SQL: SHOW COLUMNS FROM `comment` [ RunTime:0.0045s ]
SQL: SELECT * FROM `comment` WHERE ( blog_id =392 )  [ RunTime:0.0005s ]
SQL: SELECT COUNT(*) AS tp_count FROM `comment` WHERE ( blog_id =392 ) LIMIT 1   [ RunTime:0.0004s ]
SQL: SHOW COLUMNS FROM `zan` [ RunTime:0.0045s ]
INFO: [ view_parse ] --START--
INFO: [ template_filter ] --START--
INFO: Run Behavior\ContentReplaceBehavior [ RunTime:0.000128s ]
INFO: [ template_filter ] --END-- [ RunTime:0.000232s ]
INFO: Run Behavior\ParseTemplateBehavior [ RunTime:0.014144s ]
INFO: [ view_parse ] --END-- [ RunTime:0.014267s ]
INFO: [ view_filter ] --START--
INFO: Run Behavior\WriteHtmlCacheBehavior [ RunTime:0.000832s ]
INFO: [ view_filter ] --END-- [ RunTime:0.000918s ]
INFO: [ app_end ] --START--
INFO: Run Behavior\ShowPageTraceBehavior [ RunTime:0.001566s ]
INFO: [ app_end ] --END-- [ RunTime:0.001676s ]

[ 2018-04-25T17:41:37+08:00 ] 192.168.199.115 /index.php?c=blog&a=info
INFO: [ app_init ] --START--
INFO: Run Behavior\BuildLiteBehavior [ RunTime:0.000018s ]
INFO: [ app_init ] --END-- [ RunTime:0.000596s ]
INFO: [ app_begin ] --START--
INFO: Run Behavior\ReadHtmlCacheBehavior [ RunTime:0.000864s ]
INFO: [ app_begin ] --END-- [ RunTime:0.000930s ]
NOTIC: [8] A session had already been started - ignoring session_start() E:\xampp\htdocs\mythink\ThinkPHP\Common\functions.php 第 1263 行.
INFO: [ view_parse ] --START--
INFO: [ template_filter ] --START--
INFO: Run Behavior\ContentReplaceBehavior [ RunTime:0.000046s ]
INFO: [ template_filter ] --END-- [ RunTime:0.000114s ]
INFO: Run Behavior\ParseTemplateBehavior [ RunTime:0.003671s ]
INFO: [ view_parse ] --END-- [ RunTime:0.003758s ]
INFO: [ view_filter ] --START--
INFO: Run Behavior\WriteHtmlCacheBehavior [ RunTime:0.000609s ]
INFO: [ view_filter ] --END-- [ RunTime:0.000663s ]
INFO: [ app_end ] --START--
INFO: Run Behavior\ShowPageTraceBehavior [ RunTime:0.000953s ]
INFO: [ app_end ] --END-- [ RunTime:0.001023s ]

[ 2018-04-25T17:47:12+08:00 ] 192.168.199.115 /index.php?c=blog&a=info
INFO: [ app_init ] --START--
INFO: Run Behavior\BuildLiteBehavior [ RunTime:0.000018s ]
INFO: [ app_init ] --END-- [ RunTime:0.000665s ]
INFO: [ app_begin ] --START--
INFO: Run Behavior\ReadHtmlCacheBehavior [ RunTime:0.000928s ]
INFO: [ app_begin ] --END-- [ RunTime:0.001017s ]
NOTIC: [8] A session had already been started - ignoring session_start() E:\xampp\htdocs\mythink\ThinkPHP\Common\functions.php 第 1263 行.
INFO: [ view_parse ] --START--
INFO: [ template_filter ] --START--
INFO: Run Behavior\ContentReplaceBehavior [ RunTime:0.000061s ]
INFO: [ template_filter ] --END-- [ RunTime:0.000161s ]
INFO: Run Behavior\ParseTemplateBehavior [ RunTime:0.004649s ]
INFO: [ view_parse ] --END-- [ RunTime:0.004753s ]
INFO: [ view_filter ] --START--
INFO: Run Behavior\WriteHtmlCacheBehavior [ RunTime:0.000656s ]
INFO: [ view_filter ] --END-- [ RunTime:0.000714s ]
INFO: [ app_end ] --START--
INFO: Run Behavior\ShowPageTraceBehavior [ RunTime:0.000989s ]
INFO: [ app_end ] --END-- [ RunTime:0.001045s ]

[ 2018-04-25T17:47:37+08:00 ] 192.168.199.115 /
INFO: [ app_init ] --START--
INFO: Run Behavior\BuildLiteBehavior [ RunTime:0.000021s ]
INFO: [ app_init ] --END-- [ RunTime:0.000793s ]
INFO: [ app_begin ] --START--
INFO: Run Behavior\ReadHtmlCacheBehavior [ RunTime:0.000815s ]
INFO: [ app_begin ] --END-- [ RunTime:0.000881s ]
NOTIC: [8] A session had already been started - ignoring session_start() E:\xampp\htdocs\mythink\ThinkPHP\Common\functions.php 第 1263 行.
SQL: SHOW COLUMNS FROM `blog` [ RunTime:0.0049s ]
SQL: SHOW COLUMNS FROM `classify` [ RunTime:0.0035s ]
SQL: SELECT * FROM `blog` WHERE ( status=1 ) ORDER BY id desc LIMIT 0,5   [ RunTime:0.0008s ]
SQL: SELECT * FROM `classify` WHERE ( id = 5 ) LIMIT 1   [ RunTime:0.0006s ]
INFO: [ view_parse ] --START--
INFO: [ template_filter ] --START--
INFO: Run Behavior\ContentReplaceBehavior [ RunTime:0.000073s ]
INFO: [ template_filter ] --END-- [ RunTime:0.000152s ]
INFO: Run Behavior\ParseTemplateBehavior [ RunTime:0.040908s ]
INFO: [ view_parse ] --END-- [ RunTime:0.041009s ]
INFO: [ view_filter ] --START--
INFO: Run Behavior\WriteHtmlCacheBehavior [ RunTime:0.000754s ]
INFO: [ view_filter ] --END-- [ RunTime:0.000827s ]
INFO: [ app_end ] --START--
INFO: Run Behavior\ShowPageTraceBehavior [ RunTime:0.000953s ]
INFO: [ app_end ] --END-- [ RunTime:0.001014s ]

[ 2018-04-25T17:47:40+08:00 ] 192.168.199.115 /index.php?c=blog&a=info
INFO: [ app_init ] --START--
INFO: Run Behavior\BuildLiteBehavior [ RunTime:0.000018s ]
INFO: [ app_init ] --END-- [ RunTime:0.000655s ]
INFO: [ app_begin ] --START--
INFO: Run Behavior\ReadHtmlCacheBehavior [ RunTime:0.000883s ]
INFO: [ app_begin ] --END-- [ RunTime:0.000951s ]
NOTIC: [8] A session had already been started - ignoring session_start() E:\xampp\htdocs\mythink\ThinkPHP\Common\functions.php 第 1263 行.
INFO: [ view_parse ] --START--
INFO: [ template_filter ] --START--
INFO: Run Behavior\ContentReplaceBehavior [ RunTime:0.000043s ]
INFO: [ template_filter ] --END-- [ RunTime:0.000124s ]
INFO: Run Behavior\ParseTemplateBehavior [ RunTime:0.003502s ]
INFO: [ view_parse ] --END-- [ RunTime:0.003586s ]
INFO: [ view_filter ] --START--
INFO: Run Behavior\WriteHtmlCacheBehavior [ RunTime:0.000671s ]
INFO: [ view_filter ] --END-- [ RunTime:0.000740s ]
INFO: [ app_end ] --START--
INFO: Run Behavior\ShowPageTraceBehavior [ RunTime:0.001333s ]
INFO: [ app_end ] --END-- [ RunTime:0.001434s ]

[ 2018-04-25T17:47:52+08:00 ] 192.168.199.115 /index.php?c=blog&a=info
INFO: [ app_init ] --START--
INFO: Run Behavior\BuildLiteBehavior [ RunTime:0.000029s ]
INFO: [ app_init ] --END-- [ RunTime:0.000796s ]
INFO: [ app_begin ] --START--
INFO: Run Behavior\ReadHtmlCacheBehavior [ RunTime:0.001623s ]
INFO: [ app_begin ] --END-- [ RunTime:0.001712s ]
NOTIC: [8] A session had already been started - ignoring session_start() E:\xampp\htdocs\mythink\ThinkPHP\Common\functions.php 第 1263 行.
INFO: [ view_parse ] --START--
INFO: [ template_filter ] --START--
INFO: Run Behavior\ContentReplaceBehavior [ RunTime:0.000067s ]
INFO: [ template_filter ] --END-- [ RunTime:0.000168s ]
INFO: Run Behavior\ParseTemplateBehavior [ RunTime:0.005929s ]
INFO: [ view_parse ] --END-- [ RunTime:0.006026s ]
INFO: [ view_filter ] --START--
INFO: Run Behavior\WriteHtmlCacheBehavior [ RunTime:0.001104s ]
INFO: [ view_filter ] --END-- [ RunTime:0.001165s ]
INFO: [ app_end ] --START--
INFO: Run Behavior\ShowPageTraceBehavior [ RunTime:0.001203s ]
INFO: [ app_end ] --END-- [ RunTime:0.001262s ]

[ 2018-04-25T17:48:17+08:00 ] 192.168.199.115 /index.php?c=blog&a=info
INFO: [ app_init ] --START--
INFO: Run Behavior\BuildLiteBehavior [ RunTime:0.000018s ]
INFO: [ app_init ] --END-- [ RunTime:0.000691s ]
INFO: [ app_begin ] --START--
INFO: Run Behavior\ReadHtmlCacheBehavior [ RunTime:0.001117s ]
INFO: [ app_begin ] --END-- [ RunTime:0.001186s ]
NOTIC: [8] A session had already been started - ignoring session_start() E:\xampp\htdocs\mythink\ThinkPHP\Common\functions.php 第 1263 行.
INFO: [ view_parse ] --START--
INFO: [ template_filter ] --START--
INFO: Run Behavior\ContentReplaceBehavior [ RunTime:0.000202s ]
INFO: [ template_filter ] --END-- [ RunTime:0.000284s ]
INFO: Run Behavior\ParseTemplateBehavior [ RunTime:0.004464s ]
INFO: [ view_parse ] --END-- [ RunTime:0.004536s ]
INFO: [ view_filter ] --START--
INFO: Run Behavior\WriteHtmlCacheBehavior [ RunTime:0.001241s ]
INFO: [ view_filter ] --END-- [ RunTime:0.001317s ]
INFO: [ app_end ] --START--
INFO: Run Behavior\ShowPageTraceBehavior [ RunTime:0.001768s ]
INFO: [ app_end ] --END-- [ RunTime:0.001861s ]

[ 2018-04-25T17:48:17+08:00 ] 192.168.199.115 /index.php?c=blog&a=info
INFO: [ app_init ] --START--
INFO: Run Behavior\BuildLiteBehavior [ RunTime:0.000026s ]
INFO: [ app_init ] --END-- [ RunTime:0.000887s ]
INFO: [ app_begin ] --START--
INFO: Run Behavior\ReadHtmlCacheBehavior [ RunTime:0.001397s ]
INFO: [ app_begin ] --END-- [ RunTime:0.001492s ]
NOTIC: [8] A session had already been started - ignoring session_start() E:\xampp\htdocs\mythink\ThinkPHP\Common\functions.php 第 1263 行.
INFO: [ view_parse ] --START--
INFO: [ template_filter ] --START--
INFO: Run Behavior\ContentReplaceBehavior [ RunTime:0.000069s ]
INFO: [ template_filter ] --END-- [ RunTime:0.000188s ]
INFO: Run Behavior\ParseTemplateBehavior [ RunTime:0.006161s ]
INFO: [ view_parse ] --END-- [ RunTime:0.006266s ]
INFO: [ view_filter ] --START--
INFO: Run Behavior\WriteHtmlCacheBehavior [ RunTime:0.001444s ]
INFO: [ view_filter ] --END-- [ RunTime:0.001538s ]
INFO: [ app_end ] --START--
INFO: Run Behavior\ShowPageTraceBehavior [ RunTime:0.001590s ]
INFO: [ app_end ] --END-- [ RunTime:0.001683s ]

[ 2018-04-25T17:50:40+08:00 ] 192.168.199.115 /
INFO: [ app_init ] --START--
INFO: Run Behavior\BuildLiteBehavior [ RunTime:0.000020s ]
INFO: [ app_init ] --END-- [ RunTime:0.000677s ]
INFO: [ app_begin ] --START--
INFO: Run Behavior\ReadHtmlCacheBehavior [ RunTime:0.001407s ]
INFO: [ app_begin ] --END-- [ RunTime:0.001489s ]
NOTIC: [8] A session had already been started - ignoring session_start() E:\xampp\htdocs\mythink\ThinkPHP\Common\functions.php 第 1263 行.
SQL: SHOW COLUMNS FROM `blog` [ RunTime:0.0036s ]
SQL: SHOW COLUMNS FROM `classify` [ RunTime:0.0043s ]
SQL: SELECT * FROM `blog` WHERE ( status=1 ) ORDER BY id desc LIMIT 0,5   [ RunTime:0.0006s ]
SQL: SELECT * FROM `classify` WHERE ( id = 5 ) LIMIT 1   [ RunTime:0.0005s ]
INFO: [ view_parse ] --START--
INFO: [ template_filter ] --START--
INFO: Run Behavior\ContentReplaceBehavior [ RunTime:0.000069s ]
INFO: [ template_filter ] --END-- [ RunTime:0.000229s ]
INFO: Run Behavior\ParseTemplateBehavior [ RunTime:1.849607s ]
INFO: [ view_parse ] --END-- [ RunTime:1.849741s ]
INFO: [ view_filter ] --START--
INFO: Run Behavior\WriteHtmlCacheBehavior [ RunTime:0.375292s ]
INFO: [ view_filter ] --END-- [ RunTime:0.375393s ]
INFO: [ app_end ] --START--
INFO: Run Behavior\ShowPageTraceBehavior [ RunTime:0.311704s ]
INFO: [ app_end ] --END-- [ RunTime:0.311790s ]

[ 2018-04-25T17:57:10+08:00 ] 192.168.199.202 /
INFO: [ app_init ] --START--
INFO: Run Behavior\BuildLiteBehavior [ RunTime:0.000018s ]
INFO: [ app_init ] --END-- [ RunTime:0.000635s ]
INFO: [ app_begin ] --START--
INFO: Run Behavior\ReadHtmlCacheBehavior [ RunTime:0.001126s ]
INFO: [ app_begin ] --END-- [ RunTime:0.001215s ]
NOTIC: [8] A session had already been started - ignoring session_start() E:\xampp\htdocs\mythink\ThinkPHP\Common\functions.php 第 1263 行.
SQL: SHOW COLUMNS FROM `blog` [ RunTime:0.0043s ]
SQL: SHOW COLUMNS FROM `classify` [ RunTime:0.0038s ]
SQL: SELECT * FROM `blog` WHERE ( status=1 ) ORDER BY id desc LIMIT 0,5   [ RunTime:0.0009s ]
SQL: SELECT * FROM `classify` WHERE ( id = 5 ) LIMIT 1   [ RunTime:0.0007s ]
INFO: [ view_parse ] --START--
INFO: [ template_filter ] --START--
INFO: Run Behavior\ContentReplaceBehavior [ RunTime:0.000071s ]
INFO: [ template_filter ] --END-- [ RunTime:0.000147s ]
INFO: Run Behavior\ParseTemplateBehavior [ RunTime:0.010492s ]
INFO: [ view_parse ] --END-- [ RunTime:0.010603s ]
INFO: [ view_filter ] --START--
INFO: Run Behavior\WriteHtmlCacheBehavior [ RunTime:0.000885s ]
INFO: [ view_filter ] --END-- [ RunTime:0.000964s ]
INFO: [ app_end ] --START--
INFO: Run Behavior\ShowPageTraceBehavior [ RunTime:0.001093s ]
INFO: [ app_end ] --END-- [ RunTime:0.001152s ]

[ 2018-04-25T18:29:39+08:00 ] 127.0.0.1 /
INFO: [ app_init ] --START--
INFO: Run Behavior\BuildLiteBehavior [ RunTime:0.000030s ]
INFO: [ app_init ] --END-- [ RunTime:0.000871s ]
INFO: [ app_begin ] --START--
INFO: Run Behavior\ReadHtmlCacheBehavior [ RunTime:0.001263s ]
INFO: [ app_begin ] --END-- [ RunTime:0.001383s ]
NOTIC: [8] A session had already been started - ignoring session_start() E:\xampp\htdocs\mythink\ThinkPHP\Common\functions.php 第 1263 行.
SQL: SHOW COLUMNS FROM `blog` [ RunTime:0.0038s ]
SQL: SHOW COLUMNS FROM `classify` [ RunTime:0.0035s ]
SQL: SELECT * FROM `blog` WHERE ( status=1 ) ORDER BY id desc LIMIT 0,5   [ RunTime:0.0006s ]
SQL: SELECT * FROM `classify` WHERE ( id = 5 ) LIMIT 1   [ RunTime:0.0009s ]
INFO: [ view_parse ] --START--
INFO: [ template_filter ] --START--
INFO: Run Behavior\ContentReplaceBehavior [ RunTime:0.000101s ]
INFO: [ template_filter ] --END-- [ RunTime:0.000214s ]
INFO: Run Behavior\ParseTemplateBehavior [ RunTime:0.100214s ]
INFO: [ view_parse ] --END-- [ RunTime:0.100348s ]
INFO: [ view_filter ] --START--
INFO: Run Behavior\WriteHtmlCacheBehavior [ RunTime:0.015886s ]
INFO: [ view_filter ] --END-- [ RunTime:0.015992s ]
INFO: [ app_end ] --START--
INFO: Run Behavior\ShowPageTraceBehavior [ RunTime:0.014646s ]
INFO: [ app_end ] --END-- [ RunTime:0.014763s ]

[ 2018-04-25T18:32:29+08:00 ] 192.168.199.115 /
INFO: [ app_init ] --START--
INFO: Run Behavior\BuildLiteBehavior [ RunTime:0.000018s ]
INFO: [ app_init ] --END-- [ RunTime:0.000635s ]
INFO: [ app_begin ] --START--
INFO: Run Behavior\ReadHtmlCacheBehavior [ RunTime:0.001153s ]
INFO: [ app_begin ] --END-- [ RunTime:0.001235s ]
NOTIC: [8] A session had already been started - ignoring session_start() E:\xampp\htdocs\mythink\ThinkPHP\Common\functions.php 第 1263 行.
SQL: SHOW COLUMNS FROM `blog` [ RunTime:0.0038s ]
SQL: SHOW COLUMNS FROM `classify` [ RunTime:0.0032s ]
SQL: SELECT * FROM `blog` WHERE ( status=1 ) ORDER BY id desc LIMIT 0,5   [ RunTime:0.0005s ]
SQL: SELECT * FROM `classify` WHERE ( id = 5 ) LIMIT 1   [ RunTime:0.0005s ]
SQL: SELECT * FROM `classify` WHERE ( id = 5 ) LIMIT 1   [ RunTime:0.0003s ]
INFO: [ view_parse ] --START--
INFO: [ template_filter ] --START--
INFO: Run Behavior\ContentReplaceBehavior [ RunTime:0.000065s ]
INFO: [ template_filter ] --END-- [ RunTime:0.000136s ]
INFO: Run Behavior\ParseTemplateBehavior [ RunTime:0.009913s ]
INFO: [ view_parse ] --END-- [ RunTime:0.009999s ]
INFO: [ view_filter ] --START--
INFO: Run Behavior\WriteHtmlCacheBehavior [ RunTime:0.000582s ]
INFO: [ view_filter ] --END-- [ RunTime:0.000634s ]
INFO: [ app_end ] --START--
INFO: Run Behavior\ShowPageTraceBehavior [ RunTime:0.000850s ]
INFO: [ app_end ] --END-- [ RunTime:0.000913s ]

[ 2018-04-25T18:34:10+08:00 ] 192.168.199.115 /
INFO: [ app_init ] --START--
INFO: Run Behavior\BuildLiteBehavior [ RunTime:0.000026s ]
INFO: [ app_init ] --END-- [ RunTime:0.000808s ]
INFO: [ app_begin ] --START--
INFO: Run Behavior\ReadHtmlCacheBehavior [ RunTime:0.000829s ]
INFO: [ app_begin ] --END-- [ RunTime:0.000913s ]
NOTIC: [8] A session had already been started - ignoring session_start() E:\xampp\htdocs\mythink\ThinkPHP\Common\functions.php 第 1263 行.
SQL: SHOW COLUMNS FROM `blog` [ RunTime:0.0041s ]
SQL: SHOW COLUMNS FROM `classify` [ RunTime:0.0035s ]
SQL: SELECT * FROM `blog` WHERE ( status=1 ) ORDER BY id desc LIMIT 0,5   [ RunTime:0.0005s ]
SQL: SELECT * FROM `classify` WHERE ( id = 5 ) LIMIT 1   [ RunTime:0.0003s ]
SQL: SELECT * FROM `classify` WHERE ( id = 5 ) LIMIT 1   [ RunTime:0.0003s ]
INFO: [ view_parse ] --START--
INFO: [ template_filter ] --START--
INFO: Run Behavior\ContentReplaceBehavior [ RunTime:0.000068s ]
INFO: [ template_filter ] --END-- [ RunTime:0.000150s ]
INFO: Run Behavior\ParseTemplateBehavior [ RunTime:0.009752s ]
INFO: [ view_parse ] --END-- [ RunTime:0.009846s ]
INFO: [ view_filter ] --START--
INFO: Run Behavior\WriteHtmlCacheBehavior [ RunTime:0.000631s ]
INFO: [ view_filter ] --END-- [ RunTime:0.000685s ]
INFO: [ app_end ] --START--
INFO: Run Behavior\ShowPageTraceBehavior [ RunTime:0.001220s ]
INFO: [ app_end ] --END-- [ RunTime:0.001288s ]

[ 2018-04-25T18:34:11+08:00 ] 192.168.199.115 /
INFO: [ app_init ] --START--
INFO: Run Behavior\BuildLiteBehavior [ RunTime:0.000018s ]
INFO: [ app_init ] --END-- [ RunTime:0.000586s ]
INFO: [ app_begin ] --START--
INFO: Run Behavior\ReadHtmlCacheBehavior [ RunTime:0.001015s ]
INFO: [ app_begin ] --END-- [ RunTime:0.001112s ]
NOTIC: [8] A session had already been started - ignoring session_start() E:\xampp\htdocs\mythink\ThinkPHP\Common\functions.php 第 1263 行.
SQL: SHOW COLUMNS FROM `blog` [ RunTime:0.0042s ]
SQL: SHOW COLUMNS FROM `classify` [ RunTime:0.0038s ]
SQL: SELECT * FROM `blog` WHERE ( status=1 ) ORDER BY id desc LIMIT 0,5   [ RunTime:0.0005s ]
SQL: SELECT * FROM `classify` WHERE ( id = 5 ) LIMIT 1   [ RunTime:0.0004s ]
SQL: SELECT * FROM `classify` WHERE ( id = 5 ) LIMIT 1   [ RunTime:0.0003s ]
INFO: [ view_parse ] --START--
INFO: [ template_filter ] --START--
INFO: Run Behavior\ContentReplaceBehavior [ RunTime:0.000063s ]
INFO: [ template_filter ] --END-- [ RunTime:0.000137s ]
INFO: Run Behavior\ParseTemplateBehavior [ RunTime:0.010848s ]
INFO: [ view_parse ] --END-- [ RunTime:0.010962s ]
INFO: [ view_filter ] --START--
INFO: Run Behavior\WriteHtmlCacheBehavior [ RunTime:0.000676s ]
INFO: [ view_filter ] --END-- [ RunTime:0.000757s ]
INFO: [ app_end ] --START--
INFO: Run Behavior\ShowPageTraceBehavior [ RunTime:0.001209s ]
INFO: [ app_end ] --END-- [ RunTime:0.001286s ]

