[ 2018-04-01T11:08:25+08:00 ] 127.0.0.1 /Home/index
INFO: [ app_init ] --START--
INFO: Run Behavior\BuildLiteBehavior [ RunTime:0.000017s ]
INFO: [ app_init ] --END-- [ RunTime:0.000623s ]
INFO: [ app_begin ] --START--
INFO: Run Behavior\ReadHtmlCacheBehavior [ RunTime:0.001108s ]
INFO: [ app_begin ] --END-- [ RunTime:0.001185s ]
NOTIC: [8] A session had already been started - ignoring session_start() E:\xampp\htdocs\mythink\ThinkPHP\Common\functions.php 第 1263 行.
SQL: SHOW COLUMNS FROM `blog` [ RunTime:0.0035s ]
SQL: SHOW COLUMNS FROM `classify` [ RunTime:0.0032s ]
SQL: SELECT * FROM `blog` WHERE ( status=1 ) ORDER BY id desc LIMIT 0,5   [ RunTime:0.0005s ]
SQL: SELECT * FROM `classify` WHERE ( id = 10 ) LIMIT 1   [ RunTime:0.0003s ]
SQL: SELECT * FROM `classify` WHERE ( id = 3 ) LIMIT 1   [ RunTime:0.0003s ]
SQL: SELECT * FROM `classify` WHERE ( id = 3 ) LIMIT 1   [ RunTime:0.0003s ]
SQL: SELECT * FROM `classify` WHERE ( id = 3 ) LIMIT 1   [ RunTime:0.0003s ]
SQL: SELECT * FROM `classify` WHERE ( id = 9 ) LIMIT 1   [ RunTime:0.0003s ]
INFO: [ view_parse ] --START--
INFO: [ template_filter ] --START--
INFO: Run Behavior\ContentReplaceBehavior [ RunTime:0.000060s ]
INFO: [ template_filter ] --END-- [ RunTime:0.000125s ]
INFO: Run Behavior\ParseTemplateBehavior [ RunTime:0.116647s ]
INFO: [ view_parse ] --END-- [ RunTime:0.116734s ]
INFO: [ view_filter ] --START--
INFO: Run Behavior\WriteHtmlCacheBehavior [ RunTime:0.000774s ]
INFO: [ view_filter ] --END-- [ RunTime:0.000822s ]
INFO: [ app_end ] --START--
INFO: Run Behavior\ShowPageTraceBehavior [ RunTime:0.001003s ]
INFO: [ app_end ] --END-- [ RunTime:0.001054s ]

[ 2018-04-01T11:19:30+08:00 ] 127.0.0.1 /Home/index
INFO: [ app_init ] --START--
INFO: Run Behavior\BuildLiteBehavior [ RunTime:0.000045s ]
INFO: [ app_init ] --END-- [ RunTime:0.001500s ]
INFO: [ app_begin ] --START--
INFO: Run Behavior\ReadHtmlCacheBehavior [ RunTime:0.000965s ]
INFO: [ app_begin ] --END-- [ RunTime:0.001043s ]
NOTIC: [8] A session had already been started - ignoring session_start() E:\xampp\htdocs\mythink\ThinkPHP\Common\functions.php 第 1263 行.
SQL: SHOW COLUMNS FROM `blog` [ RunTime:0.0035s ]
SQL: SHOW COLUMNS FROM `classify` [ RunTime:0.0032s ]
SQL: SELECT * FROM `blog` WHERE ( status=1 ) ORDER BY id desc LIMIT 0,5   [ RunTime:0.0005s ]
SQL: SELECT * FROM `classify` WHERE ( id = 10 ) LIMIT 1   [ RunTime:0.0003s ]
SQL: SELECT * FROM `classify` WHERE ( id = 3 ) LIMIT 1   [ RunTime:0.0003s ]
SQL: SELECT * FROM `classify` WHERE ( id = 3 ) LIMIT 1   [ RunTime:0.0003s ]
SQL: SELECT * FROM `classify` WHERE ( id = 3 ) LIMIT 1   [ RunTime:0.0003s ]
SQL: SELECT * FROM `classify` WHERE ( id = 9 ) LIMIT 1   [ RunTime:0.0003s ]
INFO: [ view_parse ] --START--
INFO: [ template_filter ] --START--
INFO: Run Behavior\ContentReplaceBehavior [ RunTime:0.000061s ]
INFO: [ template_filter ] --END-- [ RunTime:0.000130s ]
INFO: Run Behavior\ParseTemplateBehavior [ RunTime:0.008997s ]
INFO: [ view_parse ] --END-- [ RunTime:0.009080s ]
INFO: [ view_filter ] --START--
INFO: Run Behavior\WriteHtmlCacheBehavior [ RunTime:0.000578s ]
INFO: [ view_filter ] --END-- [ RunTime:0.000626s ]
INFO: [ app_end ] --START--
INFO: Run Behavior\ShowPageTraceBehavior [ RunTime:0.000782s ]
INFO: [ app_end ] --END-- [ RunTime:0.000834s ]

[ 2018-04-01T11:20:57+08:00 ] 127.0.0.1 /Home/index
INFO: [ app_init ] --START--
INFO: Run Behavior\BuildLiteBehavior [ RunTime:0.000016s ]
INFO: [ app_init ] --END-- [ RunTime:0.000562s ]
INFO: [ app_begin ] --START--
INFO: Run Behavior\ReadHtmlCacheBehavior [ RunTime:0.000992s ]
INFO: [ app_begin ] --END-- [ RunTime:0.001067s ]
NOTIC: [8] A session had already been started - ignoring session_start() E:\xampp\htdocs\mythink\ThinkPHP\Common\functions.php 第 1263 行.
SQL: SHOW COLUMNS FROM `blog` [ RunTime:0.0043s ]
SQL: SHOW COLUMNS FROM `classify` [ RunTime:0.0035s ]
SQL: SELECT * FROM `blog` WHERE ( status=1 ) ORDER BY id desc LIMIT 0,5   [ RunTime:0.0005s ]
SQL: SELECT * FROM `classify` WHERE ( id = 10 ) LIMIT 1   [ RunTime:0.0003s ]
SQL: SELECT * FROM `classify` WHERE ( id = 3 ) LIMIT 1   [ RunTime:0.0003s ]
SQL: SELECT * FROM `classify` WHERE ( id = 3 ) LIMIT 1   [ RunTime:0.0003s ]
SQL: SELECT * FROM `classify` WHERE ( id = 3 ) LIMIT 1   [ RunTime:0.0003s ]
SQL: SELECT * FROM `classify` WHERE ( id = 9 ) LIMIT 1   [ RunTime:0.0003s ]
INFO: [ view_parse ] --START--
INFO: [ template_filter ] --START--
INFO: Run Behavior\ContentReplaceBehavior [ RunTime:0.000058s ]
INFO: [ template_filter ] --END-- [ RunTime:0.000123s ]
INFO: Run Behavior\ParseTemplateBehavior [ RunTime:0.008038s ]
INFO: [ view_parse ] --END-- [ RunTime:0.008123s ]
INFO: [ view_filter ] --START--
INFO: Run Behavior\WriteHtmlCacheBehavior [ RunTime:0.000538s ]
INFO: [ view_filter ] --END-- [ RunTime:0.000584s ]
INFO: [ app_end ] --START--
INFO: Run Behavior\ShowPageTraceBehavior [ RunTime:0.000898s ]
INFO: [ app_end ] --END-- [ RunTime:0.000948s ]

[ 2018-04-01T11:21:11+08:00 ] 127.0.0.1 /Home/Home/study
INFO: [ app_init ] --START--
INFO: Run Behavior\BuildLiteBehavior [ RunTime:0.000016s ]
INFO: [ app_init ] --END-- [ RunTime:0.000612s ]
INFO: [ app_begin ] --START--
INFO: Run Behavior\ReadHtmlCacheBehavior [ RunTime:0.001307s ]
INFO: [ app_begin ] --END-- [ RunTime:0.001423s ]
NOTIC: [8] A session had already been started - ignoring session_start() E:\xampp\htdocs\mythink\ThinkPHP\Common\functions.php 第 1263 行.
NOTIC: [2048] Declaration of Home\Model\BaseModel::add() should be compatible with Think\Model::add($data = '', $options = Array, $replace = false) E:\xampp\htdocs\mythink\Application\Home\Model\BaseModel.class.php 第 4 行.
SQL: SHOW COLUMNS FROM `classify` [ RunTime:0.0036s ]
SQL: SHOW COLUMNS FROM `blog` [ RunTime:0.0038s ]
SQL: SHOW COLUMNS FROM `classify` [ RunTime:0.0040s ]
SQL: SELECT * FROM `classify` WHERE ( parent_id= 2 )  [ RunTime:0.0005s ]
SQL: SELECT * FROM `blog` WHERE ( status=1 and 1 and classify_id in (3,4,9,10) and status = 1 ) ORDER BY id desc LIMIT 0,20   [ RunTime:0.0304s ]
SQL: SELECT * FROM `classify` WHERE ( id= 10 )  [ RunTime:0.0004s ]
SQL: SELECT * FROM `classify` WHERE ( id= 3 )  [ RunTime:0.0003s ]
SQL: SELECT * FROM `classify` WHERE ( id= 3 )  [ RunTime:0.0003s ]
SQL: SELECT * FROM `classify` WHERE ( id= 3 )  [ RunTime:0.0003s ]
SQL: SELECT * FROM `classify` WHERE ( id= 9 )  [ RunTime:0.0003s ]
INFO: [ view_parse ] --START--
INFO: [ template_filter ] --START--
INFO: Run Behavior\ContentReplaceBehavior [ RunTime:0.000064s ]
INFO: [ template_filter ] --END-- [ RunTime:0.000128s ]
INFO: Run Behavior\ParseTemplateBehavior [ RunTime:0.008652s ]
INFO: [ view_parse ] --END-- [ RunTime:0.008718s ]
INFO: [ view_filter ] --START--
INFO: Run Behavior\WriteHtmlCacheBehavior [ RunTime:0.000593s ]
INFO: [ view_filter ] --END-- [ RunTime:0.000653s ]
INFO: [ app_end ] --START--
INFO: Run Behavior\ShowPageTraceBehavior [ RunTime:0.001090s ]
INFO: [ app_end ] --END-- [ RunTime:0.001177s ]

[ 2018-04-01T11:21:34+08:00 ] 127.0.0.1 /Home/Home/study
INFO: [ app_init ] --START--
INFO: Run Behavior\BuildLiteBehavior [ RunTime:0.000020s ]
INFO: [ app_init ] --END-- [ RunTime:0.000803s ]
INFO: [ app_begin ] --START--
INFO: Run Behavior\ReadHtmlCacheBehavior [ RunTime:0.001161s ]
INFO: [ app_begin ] --END-- [ RunTime:0.001238s ]
NOTIC: [8] A session had already been started - ignoring session_start() E:\xampp\htdocs\mythink\ThinkPHP\Common\functions.php 第 1263 行.
NOTIC: [2048] Declaration of Home\Model\BaseModel::add() should be compatible with Think\Model::add($data = '', $options = Array, $replace = false) E:\xampp\htdocs\mythink\Application\Home\Model\BaseModel.class.php 第 4 行.
SQL: SHOW COLUMNS FROM `classify` [ RunTime:0.0034s ]
SQL: SHOW COLUMNS FROM `blog` [ RunTime:0.0035s ]
SQL: SHOW COLUMNS FROM `classify` [ RunTime:0.0041s ]
SQL: SELECT * FROM `classify` WHERE ( parent_id= 2 )  [ RunTime:0.0004s ]
SQL: SELECT * FROM `blog` WHERE ( status=1 and 1 and classify_id in (3,4,9,10) and status = 1 ) ORDER BY id desc LIMIT 0,20   [ RunTime:0.0004s ]
SQL: SELECT * FROM `classify` WHERE ( id= 10 )  [ RunTime:0.0003s ]
SQL: SELECT * FROM `classify` WHERE ( id= 3 )  [ RunTime:0.0003s ]
SQL: SELECT * FROM `classify` WHERE ( id= 3 )  [ RunTime:0.0003s ]
SQL: SELECT * FROM `classify` WHERE ( id= 3 )  [ RunTime:0.0003s ]
SQL: SELECT * FROM `classify` WHERE ( id= 9 )  [ RunTime:0.0003s ]
INFO: [ view_parse ] --START--
INFO: [ template_filter ] --START--
INFO: Run Behavior\ContentReplaceBehavior [ RunTime:0.000063s ]
INFO: [ template_filter ] --END-- [ RunTime:0.000128s ]
INFO: Run Behavior\ParseTemplateBehavior [ RunTime:0.008425s ]
INFO: [ view_parse ] --END-- [ RunTime:0.008516s ]
INFO: [ view_filter ] --START--
INFO: Run Behavior\WriteHtmlCacheBehavior [ RunTime:0.000561s ]
INFO: [ view_filter ] --END-- [ RunTime:0.000610s ]
INFO: [ app_end ] --START--
INFO: Run Behavior\ShowPageTraceBehavior [ RunTime:0.000994s ]
INFO: [ app_end ] --END-- [ RunTime:0.001079s ]

[ 2018-04-01T11:22:13+08:00 ] 127.0.0.1 /Home/Home/study
INFO: [ app_init ] --START--
INFO: Run Behavior\BuildLiteBehavior [ RunTime:0.000019s ]
INFO: [ app_init ] --END-- [ RunTime:0.000999s ]
INFO: [ app_begin ] --START--
INFO: Run Behavior\ReadHtmlCacheBehavior [ RunTime:0.001854s ]
INFO: [ app_begin ] --END-- [ RunTime:0.001925s ]
NOTIC: [8] A session had already been started - ignoring session_start() E:\xampp\htdocs\mythink\ThinkPHP\Common\functions.php 第 1263 行.
NOTIC: [2048] Declaration of Home\Model\BaseModel::add() should be compatible with Think\Model::add($data = '', $options = Array, $replace = false) E:\xampp\htdocs\mythink\Application\Home\Model\BaseModel.class.php 第 4 行.
SQL: SHOW COLUMNS FROM `classify` [ RunTime:0.0048s ]
SQL: SHOW COLUMNS FROM `blog` [ RunTime:0.0037s ]
SQL: SHOW COLUMNS FROM `classify` [ RunTime:0.0033s ]
SQL: SELECT * FROM `classify` WHERE ( parent_id= 2 )  [ RunTime:0.0004s ]
SQL: SELECT * FROM `blog` WHERE ( status=1 and 1 and classify_id in (3,4,9,10) and status = 1 ) ORDER BY id desc LIMIT 0,20   [ RunTime:0.0005s ]
SQL: SELECT * FROM `classify` WHERE ( id= 10 )  [ RunTime:0.0003s ]
SQL: SELECT * FROM `classify` WHERE ( id= 3 )  [ RunTime:0.0003s ]
SQL: SELECT * FROM `classify` WHERE ( id= 3 )  [ RunTime:0.0003s ]
SQL: SELECT * FROM `classify` WHERE ( id= 3 )  [ RunTime:0.0003s ]
SQL: SELECT * FROM `classify` WHERE ( id= 9 )  [ RunTime:0.0004s ]
INFO: [ view_parse ] --START--
INFO: [ template_filter ] --START--
INFO: Run Behavior\ContentReplaceBehavior [ RunTime:0.000061s ]
INFO: [ template_filter ] --END-- [ RunTime:0.000126s ]
INFO: Run Behavior\ParseTemplateBehavior [ RunTime:0.013509s ]
INFO: [ view_parse ] --END-- [ RunTime:0.013597s ]
INFO: [ view_filter ] --START--
INFO: Run Behavior\WriteHtmlCacheBehavior [ RunTime:0.002136s ]
INFO: [ view_filter ] --END-- [ RunTime:0.002203s ]
INFO: [ app_end ] --START--
INFO: Run Behavior\ShowPageTraceBehavior [ RunTime:0.003386s ]
INFO: [ app_end ] --END-- [ RunTime:0.003482s ]

[ 2018-04-01T11:22:29+08:00 ] 127.0.0.1 /Home/Home/study
INFO: [ app_init ] --START--
INFO: Run Behavior\BuildLiteBehavior [ RunTime:0.000015s ]
INFO: [ app_init ] --END-- [ RunTime:0.000601s ]
INFO: [ app_begin ] --START--
INFO: Run Behavior\ReadHtmlCacheBehavior [ RunTime:0.000845s ]
INFO: [ app_begin ] --END-- [ RunTime:0.000904s ]
NOTIC: [8] A session had already been started - ignoring session_start() E:\xampp\htdocs\mythink\ThinkPHP\Common\functions.php 第 1263 行.
NOTIC: [2048] Declaration of Home\Model\BaseModel::add() should be compatible with Think\Model::add($data = '', $options = Array, $replace = false) E:\xampp\htdocs\mythink\Application\Home\Model\BaseModel.class.php 第 4 行.
SQL: SHOW COLUMNS FROM `classify` [ RunTime:0.0034s ]
SQL: SHOW COLUMNS FROM `blog` [ RunTime:0.0037s ]
SQL: SHOW COLUMNS FROM `classify` [ RunTime:0.0044s ]
SQL: SELECT * FROM `classify` WHERE ( parent_id= 2 )  [ RunTime:0.0004s ]
SQL: SELECT * FROM `blog` WHERE ( status=1 and 1 and classify_id in (3,4,9,10) and status = 1 ) ORDER BY id desc LIMIT 0,20   [ RunTime:0.0004s ]
SQL: SELECT * FROM `classify` WHERE ( id= 3 )  [ RunTime:0.0003s ]
SQL: SELECT * FROM `classify` WHERE ( id= 10 )  [ RunTime:0.0003s ]
SQL: SELECT * FROM `classify` WHERE ( id= 3 )  [ RunTime:0.0003s ]
SQL: SELECT * FROM `classify` WHERE ( id= 3 )  [ RunTime:0.0003s ]
SQL: SELECT * FROM `classify` WHERE ( id= 3 )  [ RunTime:0.0003s ]
SQL: SELECT * FROM `classify` WHERE ( id= 9 )  [ RunTime:0.0002s ]
INFO: [ view_parse ] --START--
INFO: [ template_filter ] --START--
INFO: Run Behavior\ContentReplaceBehavior [ RunTime:0.000061s ]
INFO: [ template_filter ] --END-- [ RunTime:0.000130s ]
INFO: Run Behavior\ParseTemplateBehavior [ RunTime:0.008310s ]
INFO: [ view_parse ] --END-- [ RunTime:0.008387s ]
INFO: [ view_filter ] --START--
INFO: Run Behavior\WriteHtmlCacheBehavior [ RunTime:0.000719s ]
INFO: [ view_filter ] --END-- [ RunTime:0.000800s ]
INFO: [ app_end ] --START--
INFO: Run Behavior\ShowPageTraceBehavior [ RunTime:0.001289s ]
INFO: [ app_end ] --END-- [ RunTime:0.001399s ]

[ 2018-04-01T16:04:40+08:00 ] 192.168.1.126 /
INFO: [ app_init ] --START--
INFO: Run Behavior\BuildLiteBehavior [ RunTime:0.000017s ]
INFO: [ app_init ] --END-- [ RunTime:0.000571s ]
INFO: [ app_begin ] --START--
INFO: Run Behavior\ReadHtmlCacheBehavior [ RunTime:0.000833s ]
INFO: [ app_begin ] --END-- [ RunTime:0.000902s ]
NOTIC: [8] A session had already been started - ignoring session_start() E:\xampp\htdocs\mythink\ThinkPHP\Common\functions.php 第 1263 行.
SQL: SHOW COLUMNS FROM `blog` [ RunTime:0.0035s ]
SQL: SHOW COLUMNS FROM `classify` [ RunTime:0.0048s ]
SQL: SELECT * FROM `blog` WHERE ( status=1 ) ORDER BY id desc LIMIT 0,5   [ RunTime:0.0006s ]
SQL: SELECT * FROM `classify` WHERE ( id = 3 ) LIMIT 1   [ RunTime:0.0003s ]
SQL: SELECT * FROM `classify` WHERE ( id = 10 ) LIMIT 1   [ RunTime:0.0003s ]
SQL: SELECT * FROM `classify` WHERE ( id = 3 ) LIMIT 1   [ RunTime:0.0003s ]
SQL: SELECT * FROM `classify` WHERE ( id = 3 ) LIMIT 1   [ RunTime:0.0003s ]
SQL: SELECT * FROM `classify` WHERE ( id = 3 ) LIMIT 1   [ RunTime:0.0003s ]
INFO: [ view_parse ] --START--
INFO: [ template_filter ] --START--
INFO: Run Behavior\ContentReplaceBehavior [ RunTime:0.000069s ]
INFO: [ template_filter ] --END-- [ RunTime:0.000134s ]
INFO: Run Behavior\ParseTemplateBehavior [ RunTime:0.008659s ]
INFO: [ view_parse ] --END-- [ RunTime:0.008739s ]
INFO: [ view_filter ] --START--
INFO: Run Behavior\WriteHtmlCacheBehavior [ RunTime:0.000668s ]
INFO: [ view_filter ] --END-- [ RunTime:0.000728s ]
INFO: [ app_end ] --START--
INFO: Run Behavior\ShowPageTraceBehavior [ RunTime:0.001199s ]
INFO: [ app_end ] --END-- [ RunTime:0.001282s ]

[ 2018-04-01T16:07:52+08:00 ] 192.168.1.107 /
INFO: [ app_init ] --START--
INFO: Run Behavior\BuildLiteBehavior [ RunTime:0.000029s ]
INFO: [ app_init ] --END-- [ RunTime:0.000655s ]
INFO: [ app_begin ] --START--
INFO: Run Behavior\ReadHtmlCacheBehavior [ RunTime:0.001007s ]
INFO: [ app_begin ] --END-- [ RunTime:0.001101s ]
NOTIC: [8] A session had already been started - ignoring session_start() E:\xampp\htdocs\mythink\ThinkPHP\Common\functions.php 第 1263 行.
SQL: SHOW COLUMNS FROM `blog` [ RunTime:0.0733s ]
SQL: SHOW COLUMNS FROM `classify` [ RunTime:0.0035s ]
SQL: SELECT * FROM `blog` WHERE ( status=1 ) ORDER BY id desc LIMIT 0,5   [ RunTime:0.0006s ]
SQL: SELECT * FROM `classify` WHERE ( id = 3 ) LIMIT 1   [ RunTime:0.0003s ]
SQL: SELECT * FROM `classify` WHERE ( id = 10 ) LIMIT 1   [ RunTime:0.0002s ]
SQL: SELECT * FROM `classify` WHERE ( id = 3 ) LIMIT 1   [ RunTime:0.0002s ]
SQL: SELECT * FROM `classify` WHERE ( id = 3 ) LIMIT 1   [ RunTime:0.0002s ]
SQL: SELECT * FROM `classify` WHERE ( id = 3 ) LIMIT 1   [ RunTime:0.0003s ]
INFO: [ view_parse ] --START--
INFO: [ template_filter ] --START--
INFO: Run Behavior\ContentReplaceBehavior [ RunTime:0.000066s ]
INFO: [ template_filter ] --END-- [ RunTime:0.000132s ]
INFO: Run Behavior\ParseTemplateBehavior [ RunTime:0.008202s ]
INFO: [ view_parse ] --END-- [ RunTime:0.008281s ]
INFO: [ view_filter ] --START--
INFO: Run Behavior\WriteHtmlCacheBehavior [ RunTime:0.000529s ]
INFO: [ view_filter ] --END-- [ RunTime:0.000574s ]
INFO: [ app_end ] --START--
INFO: Run Behavior\ShowPageTraceBehavior [ RunTime:0.000762s ]
INFO: [ app_end ] --END-- [ RunTime:0.000826s ]

[ 2018-04-01T16:46:57+08:00 ] 192.168.1.128 /index.php?c=blog&a=lists
INFO: [ app_init ] --START--
INFO: Run Behavior\BuildLiteBehavior [ RunTime:0.000018s ]
INFO: [ app_init ] --END-- [ RunTime:0.000498s ]
INFO: [ app_begin ] --START--
INFO: Run Behavior\ReadHtmlCacheBehavior [ RunTime:0.000953s ]
INFO: [ app_begin ] --END-- [ RunTime:0.001047s ]
NOTIC: [8] A session had already been started - ignoring session_start() E:\xampp\htdocs\mythink\ThinkPHP\Common\functions.php 第 1263 行.
INFO: [ view_parse ] --START--
INFO: [ template_filter ] --START--
INFO: Run Behavior\ContentReplaceBehavior [ RunTime:0.000043s ]
INFO: [ template_filter ] --END-- [ RunTime:0.000111s ]
INFO: Run Behavior\ParseTemplateBehavior [ RunTime:0.003678s ]
INFO: [ view_parse ] --END-- [ RunTime:0.003740s ]
INFO: [ view_filter ] --START--
INFO: Run Behavior\WriteHtmlCacheBehavior [ RunTime:0.000786s ]
INFO: [ view_filter ] --END-- [ RunTime:0.000846s ]
INFO: [ app_end ] --START--
INFO: Run Behavior\ShowPageTraceBehavior [ RunTime:0.000969s ]
INFO: [ app_end ] --END-- [ RunTime:0.001023s ]

[ 2018-04-01T16:47:28+08:00 ] 192.168.1.128 /index.php?c=blog&a=lists
INFO: [ app_init ] --START--
INFO: Run Behavior\BuildLiteBehavior [ RunTime:0.000017s ]
INFO: [ app_init ] --END-- [ RunTime:0.000499s ]
INFO: [ app_begin ] --START--
INFO: Run Behavior\ReadHtmlCacheBehavior [ RunTime:0.000710s ]
INFO: [ app_begin ] --END-- [ RunTime:0.000771s ]
NOTIC: [8] A session had already been started - ignoring session_start() E:\xampp\htdocs\mythink\ThinkPHP\Common\functions.php 第 1263 行.
INFO: [ view_parse ] --START--
INFO: [ template_filter ] --START--
INFO: Run Behavior\ContentReplaceBehavior [ RunTime:0.000037s ]
INFO: [ template_filter ] --END-- [ RunTime:0.000096s ]
INFO: Run Behavior\ParseTemplateBehavior [ RunTime:0.003621s ]
INFO: [ view_parse ] --END-- [ RunTime:0.003708s ]
INFO: [ view_filter ] --START--
INFO: Run Behavior\WriteHtmlCacheBehavior [ RunTime:0.000815s ]
INFO: [ view_filter ] --END-- [ RunTime:0.000898s ]
INFO: [ app_end ] --START--
INFO: Run Behavior\ShowPageTraceBehavior [ RunTime:0.001111s ]
INFO: [ app_end ] --END-- [ RunTime:0.001177s ]

[ 2018-04-01T16:53:56+08:00 ] 192.168.1.128 /
INFO: [ app_init ] --START--
INFO: Run Behavior\BuildLiteBehavior [ RunTime:0.000018s ]
INFO: [ app_init ] --END-- [ RunTime:0.000755s ]
INFO: [ app_begin ] --START--
INFO: Run Behavior\ReadHtmlCacheBehavior [ RunTime:0.001044s ]
INFO: [ app_begin ] --END-- [ RunTime:0.001130s ]
NOTIC: [8] A session had already been started - ignoring session_start() E:\xampp\htdocs\mythink\ThinkPHP\Common\functions.php 第 1263 行.
SQL: SHOW COLUMNS FROM `blog` [ RunTime:0.0045s ]
SQL: SHOW COLUMNS FROM `classify` [ RunTime:0.0044s ]
SQL: SELECT * FROM `blog` WHERE ( status=1 ) ORDER BY id desc LIMIT 0,5   [ RunTime:0.0005s ]
SQL: SELECT * FROM `classify` WHERE ( id = 3 ) LIMIT 1   [ RunTime:0.0004s ]
SQL: SELECT * FROM `classify` WHERE ( id = 10 ) LIMIT 1   [ RunTime:0.0003s ]
SQL: SELECT * FROM `classify` WHERE ( id = 3 ) LIMIT 1   [ RunTime:0.0003s ]
SQL: SELECT * FROM `classify` WHERE ( id = 3 ) LIMIT 1   [ RunTime:0.0003s ]
SQL: SELECT * FROM `classify` WHERE ( id = 3 ) LIMIT 1   [ RunTime:0.0003s ]
INFO: [ view_parse ] --START--
INFO: [ template_filter ] --START--
INFO: Run Behavior\ContentReplaceBehavior [ RunTime:0.000064s ]
INFO: [ template_filter ] --END-- [ RunTime:0.000138s ]
INFO: Run Behavior\ParseTemplateBehavior [ RunTime:0.010035s ]
INFO: [ view_parse ] --END-- [ RunTime:0.010104s ]
INFO: [ view_filter ] --START--
INFO: Run Behavior\WriteHtmlCacheBehavior [ RunTime:0.000649s ]
INFO: [ view_filter ] --END-- [ RunTime:0.000700s ]
INFO: [ app_end ] --START--
INFO: Run Behavior\ShowPageTraceBehavior [ RunTime:0.001050s ]
INFO: [ app_end ] --END-- [ RunTime:0.001108s ]

[ 2018-04-01T17:07:46+08:00 ] 192.168.1.139 /
INFO: [ app_init ] --START--
INFO: Run Behavior\BuildLiteBehavior [ RunTime:0.000016s ]
INFO: [ app_init ] --END-- [ RunTime:0.000523s ]
INFO: [ app_begin ] --START--
INFO: Run Behavior\ReadHtmlCacheBehavior [ RunTime:0.000704s ]
INFO: [ app_begin ] --END-- [ RunTime:0.000763s ]
NOTIC: [8] A session had already been started - ignoring session_start() E:\xampp\htdocs\mythink\ThinkPHP\Common\functions.php 第 1263 行.
SQL: SHOW COLUMNS FROM `blog` [ RunTime:0.0036s ]
SQL: SHOW COLUMNS FROM `classify` [ RunTime:0.0046s ]
SQL: SELECT * FROM `blog` WHERE ( status=1 ) ORDER BY id desc LIMIT 0,5   [ RunTime:0.0005s ]
SQL: SELECT * FROM `classify` WHERE ( id = 3 ) LIMIT 1   [ RunTime:0.0003s ]
SQL: SELECT * FROM `classify` WHERE ( id = 10 ) LIMIT 1   [ RunTime:0.0003s ]
SQL: SELECT * FROM `classify` WHERE ( id = 3 ) LIMIT 1   [ RunTime:0.0003s ]
SQL: SELECT * FROM `classify` WHERE ( id = 3 ) LIMIT 1   [ RunTime:0.0003s ]
SQL: SELECT * FROM `classify` WHERE ( id = 3 ) LIMIT 1   [ RunTime:0.0003s ]
INFO: [ view_parse ] --START--
INFO: [ template_filter ] --START--
INFO: Run Behavior\ContentReplaceBehavior [ RunTime:0.000061s ]
INFO: [ template_filter ] --END-- [ RunTime:0.000126s ]
INFO: Run Behavior\ParseTemplateBehavior [ RunTime:0.009244s ]
INFO: [ view_parse ] --END-- [ RunTime:0.009349s ]
INFO: [ view_filter ] --START--
INFO: Run Behavior\WriteHtmlCacheBehavior [ RunTime:0.000923s ]
INFO: [ view_filter ] --END-- [ RunTime:0.001002s ]
INFO: [ app_end ] --START--
INFO: Run Behavior\ShowPageTraceBehavior [ RunTime:0.001046s ]
INFO: [ app_end ] --END-- [ RunTime:0.001115s ]

