[ 2018-05-03T19:34:39+08:00 ] 192.168.199.115 /api/blog/myBlog
INFO: [ app_init ] --START--
INFO: Run Behavior\BuildLiteBehavior [ RunTime:0.000018s ]
INFO: [ app_init ] --END-- [ RunTime:0.000582s ]
INFO: [ app_begin ] --START--
INFO: Run Behavior\ReadHtmlCacheBehavior [ RunTime:0.001374s ]
INFO: [ app_begin ] --END-- [ RunTime:0.001487s ]
NOTIC: [8] A session had already been started - ignoring session_start() E:\xampp\htdocs\mythink\ThinkPHP\Common\functions.php 第 1263 行.
NOTIC: [2048] Declaration of Api\Model\BaseModel::add() should be compatible with Think\Model::add($data = '', $options = Array, $replace = false) E:\xampp\htdocs\mythink\Application\Api\Model\BaseModel.class.php 第 4 行.
NOTIC: [2048] Declaration of Api\Model\BaseModel::save() should be compatible with Think\Model::save($data = '', $options = Array) E:\xampp\htdocs\mythink\Application\Api\Model\BaseModel.class.php 第 4 行.
SQL: SHOW COLUMNS FROM `blog` [ RunTime:0.0097s ]
SQL: SHOW COLUMNS FROM `classify` [ RunTime:0.0052s ]
SQL: SELECT * FROM `blog` WHERE `user_id` = 36  [ RunTime:0.0004s ]

[ 2018-05-03T19:34:39+08:00 ] 192.168.199.115 /api/index/index
INFO: [ app_init ] --START--
INFO: Run Behavior\BuildLiteBehavior [ RunTime:0.000017s ]
INFO: [ app_init ] --END-- [ RunTime:0.000598s ]
INFO: [ app_begin ] --START--
INFO: Run Behavior\ReadHtmlCacheBehavior [ RunTime:0.001523s ]
INFO: [ app_begin ] --END-- [ RunTime:0.001635s ]
NOTIC: [8] A session had already been started - ignoring session_start() E:\xampp\htdocs\mythink\ThinkPHP\Common\functions.php 第 1263 行.
NOTIC: [2048] Declaration of Api\Model\BaseModel::add() should be compatible with Think\Model::add($data = '', $options = Array, $replace = false) E:\xampp\htdocs\mythink\Application\Api\Model\BaseModel.class.php 第 4 行.
NOTIC: [2048] Declaration of Api\Model\BaseModel::save() should be compatible with Think\Model::save($data = '', $options = Array) E:\xampp\htdocs\mythink\Application\Api\Model\BaseModel.class.php 第 4 行.
SQL: SHOW COLUMNS FROM `blog` [ RunTime:0.0107s ]
SQL: SHOW COLUMNS FROM `classify` [ RunTime:0.0051s ]
SQL: SHOW COLUMNS FROM `user` [ RunTime:0.0053s ]
SQL: SHOW COLUMNS FROM `ad` [ RunTime:0.0403s ]
SQL: SELECT * FROM `ad` WHERE ( status=1 )  [ RunTime:0.0006s ]
SQL: SELECT * FROM `blog` WHERE ( status=1 )  [ RunTime:0.0005s ]
SQL: SELECT * FROM `classify` WHERE ( status=1 )  [ RunTime:0.0005s ]
SQL: SELECT * FROM `user` WHERE ( id = 12 ) LIMIT 1   [ RunTime:0.0005s ]
SQL: SELECT * FROM `classify` WHERE ( id = 5 ) LIMIT 1   [ RunTime:0.0009s ]
SQL: SELECT * FROM `user` WHERE ( id = 12 ) LIMIT 1   [ RunTime:0.0004s ]
SQL: SELECT * FROM `classify` WHERE ( id = 5 ) LIMIT 1   [ RunTime:0.0003s ]

[ 2018-05-03T19:34:58+08:00 ] 192.168.199.115 /api/blog/myBlog
INFO: [ app_init ] --START--
INFO: Run Behavior\BuildLiteBehavior [ RunTime:0.000026s ]
INFO: [ app_init ] --END-- [ RunTime:0.000806s ]
INFO: [ app_begin ] --START--
INFO: Run Behavior\ReadHtmlCacheBehavior [ RunTime:0.001787s ]
INFO: [ app_begin ] --END-- [ RunTime:0.001908s ]
NOTIC: [8] A session had already been started - ignoring session_start() E:\xampp\htdocs\mythink\ThinkPHP\Common\functions.php 第 1263 行.
NOTIC: [2048] Declaration of Api\Model\BaseModel::add() should be compatible with Think\Model::add($data = '', $options = Array, $replace = false) E:\xampp\htdocs\mythink\Application\Api\Model\BaseModel.class.php 第 4 行.
NOTIC: [2048] Declaration of Api\Model\BaseModel::save() should be compatible with Think\Model::save($data = '', $options = Array) E:\xampp\htdocs\mythink\Application\Api\Model\BaseModel.class.php 第 4 行.
SQL: SHOW COLUMNS FROM `blog` [ RunTime:0.0188s ]
SQL: SHOW COLUMNS FROM `classify` [ RunTime:0.0057s ]
SQL: SELECT * FROM `blog` WHERE `user_id` = 36  [ RunTime:0.0006s ]

[ 2018-05-03T19:34:58+08:00 ] 192.168.199.115 /api/index/index
INFO: [ app_init ] --START--
INFO: Run Behavior\BuildLiteBehavior [ RunTime:0.000024s ]
INFO: [ app_init ] --END-- [ RunTime:0.000753s ]
INFO: [ app_begin ] --START--
INFO: Run Behavior\ReadHtmlCacheBehavior [ RunTime:0.001040s ]
INFO: [ app_begin ] --END-- [ RunTime:0.001149s ]
NOTIC: [8] A session had already been started - ignoring session_start() E:\xampp\htdocs\mythink\ThinkPHP\Common\functions.php 第 1263 行.
NOTIC: [2048] Declaration of Api\Model\BaseModel::add() should be compatible with Think\Model::add($data = '', $options = Array, $replace = false) E:\xampp\htdocs\mythink\Application\Api\Model\BaseModel.class.php 第 4 行.
NOTIC: [2048] Declaration of Api\Model\BaseModel::save() should be compatible with Think\Model::save($data = '', $options = Array) E:\xampp\htdocs\mythink\Application\Api\Model\BaseModel.class.php 第 4 行.
SQL: SHOW COLUMNS FROM `blog` [ RunTime:0.0237s ]
SQL: SHOW COLUMNS FROM `classify` [ RunTime:0.0057s ]
SQL: SHOW COLUMNS FROM `user` [ RunTime:0.0059s ]
SQL: SHOW COLUMNS FROM `ad` [ RunTime:0.0205s ]
SQL: SELECT * FROM `ad` WHERE ( status=1 )  [ RunTime:0.0005s ]
SQL: SELECT * FROM `blog` WHERE ( status=1 )  [ RunTime:0.0005s ]
SQL: SELECT * FROM `classify` WHERE ( status=1 )  [ RunTime:0.0005s ]
SQL: SELECT * FROM `user` WHERE ( id = 12 ) LIMIT 1   [ RunTime:0.0005s ]
SQL: SELECT * FROM `classify` WHERE ( id = 5 ) LIMIT 1   [ RunTime:0.0004s ]
SQL: SELECT * FROM `user` WHERE ( id = 12 ) LIMIT 1   [ RunTime:0.0004s ]
SQL: SELECT * FROM `classify` WHERE ( id = 5 ) LIMIT 1   [ RunTime:0.0003s ]

