[ 2018-04-14T15:48:10+08:00 ] 127.0.0.1 /api/collect/add
INFO: [ app_init ] --START--
INFO: Run Behavior\BuildLiteBehavior [ RunTime:0.000021s ]
INFO: [ app_init ] --END-- [ RunTime:0.000714s ]
INFO: [ app_begin ] --START--
INFO: Run Behavior\ReadHtmlCacheBehavior [ RunTime:0.001254s ]
INFO: [ app_begin ] --END-- [ RunTime:0.001341s ]
NOTIC: [8] A session had already been started - ignoring session_start() E:\xampp\htdocs\mythink\ThinkPHP\Common\functions.php 第 1263 行.
NOTIC: [2048] Declaration of Api\Model\BaseModel::add() should be compatible with Think\Model::add($data = '', $options = Array, $replace = false) E:\xampp\htdocs\mythink\Application\Api\Model\BaseModel.class.php 第 4 行.
SQL: SHOW COLUMNS FROM `collect` [ RunTime:0.0057s ]
SQL: SHOW COLUMNS FROM `user` [ RunTime:0.0044s ]
NOTIC: [8] Undefined index: user_id E:\xampp\htdocs\mythink\Application\Api\Controller\CollectController.class.php 第 8 行.
NOTIC: [8] Undefined index: blog_id E:\xampp\htdocs\mythink\Application\Api\Controller\CollectController.class.php 第 9 行.

[ 2018-04-14T15:48:11+08:00 ] 192.168.1.158 /api/blog/info?id/&id=37
INFO: [ app_init ] --START--
INFO: Run Behavior\BuildLiteBehavior [ RunTime:0.000020s ]
INFO: [ app_init ] --END-- [ RunTime:0.000687s ]
INFO: [ app_begin ] --START--
INFO: Run Behavior\ReadHtmlCacheBehavior [ RunTime:0.000935s ]
INFO: [ app_begin ] --END-- [ RunTime:0.000997s ]
NOTIC: [8] A session had already been started - ignoring session_start() E:\xampp\htdocs\mythink\ThinkPHP\Common\functions.php 第 1263 行.
NOTIC: [2048] Declaration of Api\Model\BaseModel::add() should be compatible with Think\Model::add($data = '', $options = Array, $replace = false) E:\xampp\htdocs\mythink\Application\Api\Model\BaseModel.class.php 第 4 行.
SQL: SHOW COLUMNS FROM `blog` [ RunTime:0.0223s ]
SQL: SHOW COLUMNS FROM `classify` [ RunTime:0.0049s ]
SQL: SHOW COLUMNS FROM `user` [ RunTime:0.0051s ]
SQL: SELECT * FROM `blog` WHERE ( id= 37 ) LIMIT 1   [ RunTime:0.0005s ]
SQL: SELECT * FROM `blog` WHERE ( status=1 and classify_id = 9 and id != 37 ) ORDER BY id asc LIMIT 0,10   [ RunTime:0.0005s ]
SQL: SELECT `name` FROM `user` WHERE `id` = 12 LIMIT 1   [ RunTime:0.0004s ]

[ 2018-04-14T15:48:12+08:00 ] 192.168.1.145 /api/index/index
INFO: [ app_init ] --START--
INFO: Run Behavior\BuildLiteBehavior [ RunTime:0.000016s ]
INFO: [ app_init ] --END-- [ RunTime:0.000569s ]
INFO: [ app_begin ] --START--
INFO: Run Behavior\ReadHtmlCacheBehavior [ RunTime:0.000840s ]
INFO: [ app_begin ] --END-- [ RunTime:0.000900s ]
NOTIC: [8] A session had already been started - ignoring session_start() E:\xampp\htdocs\mythink\ThinkPHP\Common\functions.php 第 1263 行.
NOTIC: [2048] Declaration of Api\Model\BaseModel::add() should be compatible with Think\Model::add($data = '', $options = Array, $replace = false) E:\xampp\htdocs\mythink\Application\Api\Model\BaseModel.class.php 第 4 行.
SQL: SHOW COLUMNS FROM `blog` [ RunTime:0.0050s ]
SQL: SHOW COLUMNS FROM `classify` [ RunTime:0.0043s ]
SQL: SHOW COLUMNS FROM `user` [ RunTime:0.0044s ]
SQL: SHOW COLUMNS FROM `ad` [ RunTime:0.0055s ]
SQL: SELECT * FROM `ad` WHERE ( status=1 )  [ RunTime:0.0005s ]
SQL: SELECT * FROM `blog` WHERE ( status=1 )  [ RunTime:0.0005s ]
SQL: SELECT * FROM `classify` WHERE ( status=1 )  [ RunTime:0.0004s ]
SQL: SELECT * FROM `user` WHERE ( id = 12 ) LIMIT 1   [ RunTime:0.0004s ]
SQL: SELECT * FROM `classify` WHERE ( id = 5 ) LIMIT 1   [ RunTime:0.0004s ]
SQL: SELECT * FROM `user` WHERE ( id = 12 ) LIMIT 1   [ RunTime:0.0004s ]
SQL: SELECT * FROM `classify` WHERE ( id = 5 ) LIMIT 1   [ RunTime:0.0003s ]
SQL: SELECT * FROM `user` WHERE ( id = 12 ) LIMIT 1   [ RunTime:0.0003s ]
SQL: SELECT * FROM `classify` WHERE ( id = 9 ) LIMIT 1   [ RunTime:0.0003s ]
SQL: SELECT * FROM `user` WHERE ( id = 12 ) LIMIT 1   [ RunTime:0.0003s ]
SQL: SELECT * FROM `classify` WHERE ( id = 3 ) LIMIT 1   [ RunTime:0.0003s ]
SQL: SELECT * FROM `user` WHERE ( id = 12 ) LIMIT 1   [ RunTime:0.0003s ]
SQL: SELECT * FROM `classify` WHERE ( id = 3 ) LIMIT 1   [ RunTime:0.0003s ]
SQL: SELECT * FROM `user` WHERE ( id = 12 ) LIMIT 1   [ RunTime:0.0003s ]
SQL: SELECT * FROM `classify` WHERE ( id = 3 ) LIMIT 1   [ RunTime:0.0003s ]
SQL: SELECT * FROM `user` WHERE ( id = 12 ) LIMIT 1   [ RunTime:0.0003s ]
SQL: SELECT * FROM `classify` WHERE ( id = 10 ) LIMIT 1   [ RunTime:0.0003s ]
SQL: SELECT * FROM `user` WHERE ( id = 12 ) LIMIT 1   [ RunTime:0.0004s ]
SQL: SELECT * FROM `classify` WHERE ( id = 3 ) LIMIT 1   [ RunTime:0.0003s ]

[ 2018-04-14T15:48:12+08:00 ] 192.168.1.158 /api/index/index
INFO: [ app_init ] --START--
INFO: Run Behavior\BuildLiteBehavior [ RunTime:0.000016s ]
INFO: [ app_init ] --END-- [ RunTime:0.000572s ]
INFO: [ app_begin ] --START--
INFO: Run Behavior\ReadHtmlCacheBehavior [ RunTime:0.000938s ]
INFO: [ app_begin ] --END-- [ RunTime:0.000998s ]
NOTIC: [8] A session had already been started - ignoring session_start() E:\xampp\htdocs\mythink\ThinkPHP\Common\functions.php 第 1263 行.
NOTIC: [2048] Declaration of Api\Model\BaseModel::add() should be compatible with Think\Model::add($data = '', $options = Array, $replace = false) E:\xampp\htdocs\mythink\Application\Api\Model\BaseModel.class.php 第 4 行.
SQL: SHOW COLUMNS FROM `blog` [ RunTime:0.0050s ]
SQL: SHOW COLUMNS FROM `classify` [ RunTime:0.0042s ]
SQL: SHOW COLUMNS FROM `user` [ RunTime:0.0049s ]
SQL: SHOW COLUMNS FROM `ad` [ RunTime:0.0050s ]
SQL: SELECT * FROM `ad` WHERE ( status=1 )  [ RunTime:0.0005s ]
SQL: SELECT * FROM `blog` WHERE ( status=1 )  [ RunTime:0.0005s ]
SQL: SELECT * FROM `classify` WHERE ( status=1 )  [ RunTime:0.0003s ]
SQL: SELECT * FROM `user` WHERE ( id = 12 ) LIMIT 1   [ RunTime:0.0003s ]
SQL: SELECT * FROM `classify` WHERE ( id = 5 ) LIMIT 1   [ RunTime:0.0002s ]
SQL: SELECT * FROM `user` WHERE ( id = 12 ) LIMIT 1   [ RunTime:0.0003s ]
SQL: SELECT * FROM `classify` WHERE ( id = 5 ) LIMIT 1   [ RunTime:0.0003s ]
SQL: SELECT * FROM `user` WHERE ( id = 12 ) LIMIT 1   [ RunTime:0.0003s ]
SQL: SELECT * FROM `classify` WHERE ( id = 9 ) LIMIT 1   [ RunTime:0.0002s ]
SQL: SELECT * FROM `user` WHERE ( id = 12 ) LIMIT 1   [ RunTime:0.0003s ]
SQL: SELECT * FROM `classify` WHERE ( id = 3 ) LIMIT 1   [ RunTime:0.0003s ]
SQL: SELECT * FROM `user` WHERE ( id = 12 ) LIMIT 1   [ RunTime:0.0003s ]
SQL: SELECT * FROM `classify` WHERE ( id = 3 ) LIMIT 1   [ RunTime:0.0003s ]
SQL: SELECT * FROM `user` WHERE ( id = 12 ) LIMIT 1   [ RunTime:0.0003s ]
SQL: SELECT * FROM `classify` WHERE ( id = 3 ) LIMIT 1   [ RunTime:0.0003s ]
SQL: SELECT * FROM `user` WHERE ( id = 12 ) LIMIT 1   [ RunTime:0.0003s ]
SQL: SELECT * FROM `classify` WHERE ( id = 10 ) LIMIT 1   [ RunTime:0.0003s ]
SQL: SELECT * FROM `user` WHERE ( id = 12 ) LIMIT 1   [ RunTime:0.0003s ]
SQL: SELECT * FROM `classify` WHERE ( id = 3 ) LIMIT 1   [ RunTime:0.0003s ]

[ 2018-04-14T15:48:13+08:00 ] 192.168.1.158 /api/blog/info?id/&id=41
INFO: [ app_init ] --START--
INFO: Run Behavior\BuildLiteBehavior [ RunTime:0.000017s ]
INFO: [ app_init ] --END-- [ RunTime:0.000594s ]
INFO: [ app_begin ] --START--
INFO: Run Behavior\ReadHtmlCacheBehavior [ RunTime:0.000995s ]
INFO: [ app_begin ] --END-- [ RunTime:0.001064s ]
NOTIC: [8] A session had already been started - ignoring session_start() E:\xampp\htdocs\mythink\ThinkPHP\Common\functions.php 第 1263 行.
NOTIC: [2048] Declaration of Api\Model\BaseModel::add() should be compatible with Think\Model::add($data = '', $options = Array, $replace = false) E:\xampp\htdocs\mythink\Application\Api\Model\BaseModel.class.php 第 4 行.
SQL: SHOW COLUMNS FROM `blog` [ RunTime:0.0253s ]
SQL: SHOW COLUMNS FROM `classify` [ RunTime:0.0056s ]
SQL: SHOW COLUMNS FROM `user` [ RunTime:0.0049s ]
SQL: SELECT * FROM `blog` WHERE ( id= 41 ) LIMIT 1   [ RunTime:0.0005s ]
SQL: SELECT * FROM `blog` WHERE ( status=1 and classify_id = 10 and id != 41 ) ORDER BY id asc LIMIT 0,10   [ RunTime:0.0005s ]
SQL: SELECT `name` FROM `user` WHERE `id` = 12 LIMIT 1   [ RunTime:0.0003s ]

